1165 [restartedMain] INFO  c.practice19.Practice15Application –Starting Practice15Application using Java 15.0.2 on LAPTOP-6V93DAJC with PID 10420 (C:\Users\Danila\GoogleDrive\Institute\4-rd_semestr\JavaTemplates\practice21\target\classes started by Danila in C:\Users\Danila\GoogleDrive\Institute\4-rd_semestr\JavaTemplates\practice21)
1172 [restartedMain] INFO  c.practice19.Practice15Application –No active profile set, falling back to default profiles: default
1240 [restartedMain] INFO  o.s.b.d.e.DevToolsPropertyDefaultsPostProcessor –Devtools property defaults active! Set 'spring.devtools.add-properties' to 'false' to disable
1242 [restartedMain] INFO  o.s.b.d.e.DevToolsPropertyDefaultsPostProcessor –For additional web related logging consider setting the 'logging.level.web' property to 'DEBUG'
2058 [restartedMain] INFO  o.s.d.r.c.RepositoryConfigurationDelegate –Bootstrapping Spring Data JPA repositories in DEFAULT mode.
2144 [restartedMain] INFO  o.s.d.r.c.RepositoryConfigurationDelegate –Finished Spring Data repository scanning in 76 ms. Found 2 JPA repository interfaces.
2885 [restartedMain] INFO  o.s.b.w.e.tomcat.TomcatWebServer –Tomcat initialized with port(s): 8080 (http)
2895 [restartedMain] INFO  o.a.coyote.http11.Http11NioProtocol –Initializing ProtocolHandler ["http-nio-8080"]
2895 [restartedMain] INFO  o.a.catalina.core.StandardService –Starting service [Tomcat]
2895 [restartedMain] INFO  o.a.catalina.core.StandardEngine –Starting Servlet engine: [Apache Tomcat/9.0.44]
2974 [restartedMain] INFO  o.a.c.c.C.[Tomcat].[localhost].[/] –Initializing Spring embedded WebApplicationContext
2975 [restartedMain] INFO  o.s.b.w.s.c.ServletWebServerApplicationContext –Root WebApplicationContext: initialization completed in 1732 ms
3154 [restartedMain] INFO  o.h.jpa.internal.util.LogHelper –HHH000204: Processing PersistenceUnitInfo [name: default]
3210 [restartedMain] INFO  org.hibernate.Version –HHH000412: Hibernate ORM core version 5.4.29.Final
3345 [restartedMain] INFO  o.h.annotations.common.Version –HCANN000001: Hibernate Commons Annotations {5.1.2.Final}
3440 [restartedMain] INFO  com.zaxxer.hikari.HikariDataSource –HikariPool-1 - Starting...
3849 [restartedMain] INFO  com.zaxxer.hikari.HikariDataSource –HikariPool-1 - Start completed.
3875 [restartedMain] INFO  org.hibernate.dialect.Dialect –HHH000400: Using dialect: org.hibernate.dialect.PostgreSQL10Dialect
4805 [restartedMain] INFO  o.h.e.t.j.p.i.JtaPlatformInitiator –HHH000490: Using JtaPlatform implementation: [org.hibernate.engine.transaction.jta.platform.internal.NoJtaPlatform]
4812 [restartedMain] INFO  o.s.o.j.LocalContainerEntityManagerFactoryBean –Initialized JPA EntityManagerFactory for persistence unit 'default'
4876 [restartedMain] INFO  o.s.b.d.a.OptionalLiveReloadServer –LiveReload server is running on port 35729
5293 [restartedMain] WARN  o.s.b.a.o.j.JpaBaseConfiguration$JpaWebConfiguration –spring.jpa.open-in-view is enabled by default. Therefore, database queries may be performed during view rendering. Explicitly configure spring.jpa.open-in-view to disable this warning
5429 [restartedMain] INFO  o.s.s.c.ThreadPoolTaskExecutor –Initializing ExecutorService 'applicationTaskExecutor'
5505 [restartedMain] INFO  o.s.b.a.w.s.WelcomePageHandlerMapping –Adding welcome page template: index
5670 [restartedMain] INFO  o.a.coyote.http11.Http11NioProtocol –Starting ProtocolHandler ["http-nio-8080"]
5685 [restartedMain] WARN  o.s.b.w.s.c.AnnotationConfigServletWebServerApplicationContext –Exception encountered during context initialization - cancelling refresh attempt: org.springframework.context.ApplicationContextException: Failed to start bean 'webServerStartStop'; nested exception is org.springframework.boot.web.server.PortInUseException: Port 8080 is already in use
5686 [restartedMain] INFO  o.s.s.c.ThreadPoolTaskExecutor –Shutting down ExecutorService 'applicationTaskExecutor'
5688 [restartedMain] INFO  o.s.o.j.LocalContainerEntityManagerFactoryBean –Closing JPA EntityManagerFactory for persistence unit 'default'
5691 [restartedMain] INFO  com.zaxxer.hikari.HikariDataSource –HikariPool-1 - Shutdown initiated...
5696 [restartedMain] INFO  com.zaxxer.hikari.HikariDataSource –HikariPool-1 - Shutdown completed.
5699 [restartedMain] INFO  o.a.coyote.http11.Http11NioProtocol –Pausing ProtocolHandler ["http-nio-8080"]
5699 [restartedMain] INFO  o.a.catalina.core.StandardService –Stopping service [Tomcat]
5704 [restartedMain] INFO  o.a.coyote.http11.Http11NioProtocol –Stopping ProtocolHandler ["http-nio-8080"]
5705 [restartedMain] INFO  o.a.coyote.http11.Http11NioProtocol –Destroying ProtocolHandler ["http-nio-8080"]
5711 [restartedMain] INFO  o.s.b.a.l.ConditionEvaluationReportLoggingListener –

Error starting ApplicationContext. To display the conditions report re-run your application with 'debug' enabled.
5725 [restartedMain] ERROR o.s.b.d.LoggingFailureAnalysisReporter –

***************************
APPLICATION FAILED TO START
***************************

Description:

Web server failed to start. Port 8080 was already in use.

Action:

Identify and stop the process that's listening on port 8080 or configure this application to listen on another port.

811  [restartedMain] INFO  c.practice19.Practice15Application –Starting Practice15Application using Java 15.0.2 on LAPTOP-6V93DAJC with PID 18200 (C:\Users\Danila\GoogleDrive\Institute\4-rd_semestr\JavaTemplates\practice21\target\classes started by Danila in C:\Users\Danila\GoogleDrive\Institute\4-rd_semestr\JavaTemplates\practice21)
814  [restartedMain] INFO  c.practice19.Practice15Application –No active profile set, falling back to default profiles: default
855  [restartedMain] INFO  o.s.b.d.e.DevToolsPropertyDefaultsPostProcessor –Devtools property defaults active! Set 'spring.devtools.add-properties' to 'false' to disable
855  [restartedMain] INFO  o.s.b.d.e.DevToolsPropertyDefaultsPostProcessor –For additional web related logging consider setting the 'logging.level.web' property to 'DEBUG'
1404 [restartedMain] INFO  o.s.d.r.c.RepositoryConfigurationDelegate –Bootstrapping Spring Data JPA repositories in DEFAULT mode.
1468 [restartedMain] INFO  o.s.d.r.c.RepositoryConfigurationDelegate –Finished Spring Data repository scanning in 56 ms. Found 2 JPA repository interfaces.
2029 [restartedMain] INFO  o.s.b.w.e.tomcat.TomcatWebServer –Tomcat initialized with port(s): 8081 (http)
2038 [restartedMain] INFO  o.a.coyote.http11.Http11NioProtocol –Initializing ProtocolHandler ["http-nio-8081"]
2038 [restartedMain] INFO  o.a.catalina.core.StandardService –Starting service [Tomcat]
2039 [restartedMain] INFO  o.a.catalina.core.StandardEngine –Starting Servlet engine: [Apache Tomcat/9.0.44]
2113 [restartedMain] INFO  o.a.c.c.C.[Tomcat].[localhost].[/] –Initializing Spring embedded WebApplicationContext
2113 [restartedMain] INFO  o.s.b.w.s.c.ServletWebServerApplicationContext –Root WebApplicationContext: initialization completed in 1257 ms
2282 [restartedMain] INFO  o.h.jpa.internal.util.LogHelper –HHH000204: Processing PersistenceUnitInfo [name: default]
2331 [restartedMain] INFO  org.hibernate.Version –HHH000412: Hibernate ORM core version 5.4.29.Final
2424 [restartedMain] INFO  o.h.annotations.common.Version –HCANN000001: Hibernate Commons Annotations {5.1.2.Final}
2508 [restartedMain] INFO  com.zaxxer.hikari.HikariDataSource –HikariPool-1 - Starting...
2685 [restartedMain] INFO  com.zaxxer.hikari.HikariDataSource –HikariPool-1 - Start completed.
2707 [restartedMain] INFO  org.hibernate.dialect.Dialect –HHH000400: Using dialect: org.hibernate.dialect.PostgreSQL10Dialect
3308 [restartedMain] INFO  o.h.e.t.j.p.i.JtaPlatformInitiator –HHH000490: Using JtaPlatform implementation: [org.hibernate.engine.transaction.jta.platform.internal.NoJtaPlatform]
3316 [restartedMain] INFO  o.s.o.j.LocalContainerEntityManagerFactoryBean –Initialized JPA EntityManagerFactory for persistence unit 'default'
3366 [restartedMain] INFO  o.s.b.d.a.OptionalLiveReloadServer –LiveReload server is running on port 35729
3735 [restartedMain] WARN  o.s.b.a.o.j.JpaBaseConfiguration$JpaWebConfiguration –spring.jpa.open-in-view is enabled by default. Therefore, database queries may be performed during view rendering. Explicitly configure spring.jpa.open-in-view to disable this warning
3870 [restartedMain] INFO  o.s.s.c.ThreadPoolTaskExecutor –Initializing ExecutorService 'applicationTaskExecutor'
3940 [restartedMain] INFO  o.s.b.a.w.s.WelcomePageHandlerMapping –Adding welcome page template: index
4099 [restartedMain] INFO  o.a.coyote.http11.Http11NioProtocol –Starting ProtocolHandler ["http-nio-8081"]
4117 [restartedMain] INFO  o.s.b.w.e.tomcat.TomcatWebServer –Tomcat started on port(s): 8081 (http) with context path ''
4126 [restartedMain] INFO  c.practice19.Practice15Application –Started Practice15Application in 3.696 seconds (JVM running for 4.728)
30662 [http-nio-8081-exec-1] INFO  o.a.c.c.C.[Tomcat].[localhost].[/] –Initializing Spring DispatcherServlet 'dispatcherServlet'
30663 [http-nio-8081-exec-1] INFO  o.s.web.servlet.DispatcherServlet –Initializing Servlet 'dispatcherServlet'
30664 [http-nio-8081-exec-1] INFO  o.s.web.servlet.DispatcherServlet –Completed initialization in 1 ms
30920 [http-nio-8081-exec-2] WARN  o.s.web.servlet.PageNotFound –No mapping for GET /favicon.ico
348757 [http-nio-8081-exec-9] INFO  com.practice19.aspect.LoggingAspect –Method: getAll. Time: 166 milliseconds. Return: [Item(id=1, name=pen, creation_date=2020-03-11, price=122.0, order_id=1), Item(id=2, name=book, creation_date=2019-06-25, price=674.0, order_id=2), Item(id=4, name=phone1232, creation_date=2020-01-02, price=300000.0, order_id=2), Item(id=5, name=phwee, creation_date=2020-03-11, price=34321.0, order_id=1), Item(id=6, name=phwee2, creation_date=2020-03-12, price=3333.0, order_id=1), Item(id=14, name=asdf, creation_date=2020-03-01, price=340001.0, order_id=1), Item(id=15, name=asf, creation_date=2020-04-07, price=40002.0, order_id=1), Item(id=16, name=zxcvbn, creation_date=2011-03-09, price=13.0, order_id=1), Item(id=12, name=Seregz, creation_date=2001-01-01, price=45.0, order_id=2), Item(id=7, name=phone2, creation_date=2020-02-03, price=30000.0, order_id=1), Item(id=11, name=Seregz, creation_date=2001-01-01, price=45.0, order_id=1), Item(id=10, name=asdf, creation_date=2020-02-03, price=34000.0, order_id=1), Item(id=13, name=asdf, creation_date=2020-03-01, price=340001.0, order_id=2), Item(id=17, name=phone, creation_date=2020-03-01, price=21000.0, order_id=1), Item(id=18, name=phonedddd, creation_date=2020-03-01, price=21000.0, order_id=4), Item(id=21, name=human, creation_date=2020-03-01, price=666.0, order_id=2), Item(id=25, name=ohone, creation_date=2020-03-02, price=300200.0, order_id=2), Item(id=26, name=cola, creation_date=1998-05-03, price=44.0, order_id=2), Item(id=27, name=pascwq, creation_date=2020-03-11, price=321.0, order_id=1), Item(id=33, name=hjonw23s, creation_date=2020-03-01, price=20321.0, order_id=1), Item(id=34, name=newItem, creation_date=2020-03-01, price=20321.0, order_id=1), Item(id=35, name=phone321, creation_date=2020-03-10, price=310000.0, order_id=1), Item(id=36, name=phone3213, creation_date=2020-03-10, price=310.0, order_id=1), Item(id=37, name=phone3213, creation_date=2020-03-10, price=310.0, order_id=1), Item(id=38, name=dsad111, creation_date=2020-03-10, price=310.0, order_id=1), Item(id=39, name=Suit, creation_date=2020-03-10, price=310.0, order_id=1)]
367388 [http-nio-8081-exec-8] INFO  com.practice19.aspect.LoggingAspect –Method: getAll. Time: 6 milliseconds. Return: [Item(id=1, name=pen, creation_date=2020-03-11, price=122.0, order_id=1), Item(id=2, name=book, creation_date=2019-06-25, price=674.0, order_id=2), Item(id=4, name=phone1232, creation_date=2020-01-02, price=300000.0, order_id=2), Item(id=5, name=phwee, creation_date=2020-03-11, price=34321.0, order_id=1), Item(id=6, name=phwee2, creation_date=2020-03-12, price=3333.0, order_id=1), Item(id=14, name=asdf, creation_date=2020-03-01, price=340001.0, order_id=1), Item(id=15, name=asf, creation_date=2020-04-07, price=40002.0, order_id=1), Item(id=16, name=zxcvbn, creation_date=2011-03-09, price=13.0, order_id=1), Item(id=12, name=Seregz, creation_date=2001-01-01, price=45.0, order_id=2), Item(id=7, name=phone2, creation_date=2020-02-03, price=30000.0, order_id=1), Item(id=11, name=Seregz, creation_date=2001-01-01, price=45.0, order_id=1), Item(id=10, name=asdf, creation_date=2020-02-03, price=34000.0, order_id=1), Item(id=13, name=asdf, creation_date=2020-03-01, price=340001.0, order_id=2), Item(id=17, name=phone, creation_date=2020-03-01, price=21000.0, order_id=1), Item(id=18, name=phonedddd, creation_date=2020-03-01, price=21000.0, order_id=4), Item(id=21, name=human, creation_date=2020-03-01, price=666.0, order_id=2), Item(id=25, name=ohone, creation_date=2020-03-02, price=300200.0, order_id=2), Item(id=26, name=cola, creation_date=1998-05-03, price=44.0, order_id=2), Item(id=27, name=pascwq, creation_date=2020-03-11, price=321.0, order_id=1), Item(id=33, name=hjonw23s, creation_date=2020-03-01, price=20321.0, order_id=1), Item(id=34, name=newItem, creation_date=2020-03-01, price=20321.0, order_id=1), Item(id=35, name=phone321, creation_date=2020-03-10, price=310000.0, order_id=1), Item(id=36, name=phone3213, creation_date=2020-03-10, price=310.0, order_id=1), Item(id=37, name=phone3213, creation_date=2020-03-10, price=310.0, order_id=1), Item(id=38, name=dsad111, creation_date=2020-03-10, price=310.0, order_id=1), Item(id=39, name=Suit, creation_date=2020-03-10, price=310.0, order_id=1)]
11906905 [HikariPool-1 housekeeper] WARN  com.zaxxer.hikari.pool.HikariPool –HikariPool-1 - Thread starvation or clock leap detected (housekeeper delta=1h23m18s106ms475µs300ns).
1254 [restartedMain] INFO  c.practice19.Practice15Application –Starting Practice15Application using Java 15.0.2 on LAPTOP-6V93DAJC with PID 7108 (C:\Users\Danila\GoogleDrive\Institute\4-rd_semestr\JavaTemplates\practice21\target\classes started by Danila in C:\Users\Danila\GoogleDrive\Institute\4-rd_semestr\JavaTemplates\practice21)
1258 [restartedMain] INFO  c.practice19.Practice15Application –No active profile set, falling back to default profiles: default
1358 [restartedMain] INFO  o.s.b.d.e.DevToolsPropertyDefaultsPostProcessor –Devtools property defaults active! Set 'spring.devtools.add-properties' to 'false' to disable
1358 [restartedMain] INFO  o.s.b.d.e.DevToolsPropertyDefaultsPostProcessor –For additional web related logging consider setting the 'logging.level.web' property to 'DEBUG'
2621 [restartedMain] INFO  o.s.d.r.c.RepositoryConfigurationDelegate –Bootstrapping Spring Data JPA repositories in DEFAULT mode.
2759 [restartedMain] INFO  o.s.d.r.c.RepositoryConfigurationDelegate –Finished Spring Data repository scanning in 122 ms. Found 2 JPA repository interfaces.
3824 [restartedMain] INFO  o.s.b.w.e.tomcat.TomcatWebServer –Tomcat initialized with port(s): 8081 (http)
3838 [restartedMain] INFO  o.a.coyote.http11.Http11NioProtocol –Initializing ProtocolHandler ["http-nio-8081"]
3839 [restartedMain] INFO  o.a.catalina.core.StandardService –Starting service [Tomcat]
3839 [restartedMain] INFO  o.a.catalina.core.StandardEngine –Starting Servlet engine: [Apache Tomcat/9.0.44]
3989 [restartedMain] INFO  o.a.c.c.C.[Tomcat].[localhost].[/] –Initializing Spring embedded WebApplicationContext
3992 [restartedMain] INFO  o.s.b.w.s.c.ServletWebServerApplicationContext –Root WebApplicationContext: initialization completed in 2629 ms
4291 [restartedMain] INFO  o.h.jpa.internal.util.LogHelper –HHH000204: Processing PersistenceUnitInfo [name: default]
4374 [restartedMain] INFO  org.hibernate.Version –HHH000412: Hibernate ORM core version 5.4.29.Final
4623 [restartedMain] INFO  o.h.annotations.common.Version –HCANN000001: Hibernate Commons Annotations {5.1.2.Final}
4797 [restartedMain] INFO  com.zaxxer.hikari.HikariDataSource –HikariPool-1 - Starting...
5340 [restartedMain] INFO  com.zaxxer.hikari.HikariDataSource –HikariPool-1 - Start completed.
5453 [restartedMain] INFO  org.hibernate.dialect.Dialect –HHH000400: Using dialect: org.hibernate.dialect.PostgreSQL10Dialect
6579 [restartedMain] INFO  o.h.e.t.j.p.i.JtaPlatformInitiator –HHH000490: Using JtaPlatform implementation: [org.hibernate.engine.transaction.jta.platform.internal.NoJtaPlatform]
6589 [restartedMain] INFO  o.s.o.j.LocalContainerEntityManagerFactoryBean –Initialized JPA EntityManagerFactory for persistence unit 'default'
6677 [restartedMain] INFO  o.s.b.d.a.OptionalLiveReloadServer –LiveReload server is running on port 35729
7214 [restartedMain] WARN  o.s.b.a.o.j.JpaBaseConfiguration$JpaWebConfiguration –spring.jpa.open-in-view is enabled by default. Therefore, database queries may be performed during view rendering. Explicitly configure spring.jpa.open-in-view to disable this warning
7462 [restartedMain] INFO  o.s.s.c.ThreadPoolTaskExecutor –Initializing ExecutorService 'applicationTaskExecutor'
7596 [restartedMain] INFO  o.s.b.a.w.s.WelcomePageHandlerMapping –Adding welcome page template: index
7924 [restartedMain] INFO  o.a.coyote.http11.Http11NioProtocol –Starting ProtocolHandler ["http-nio-8081"]
7969 [restartedMain] INFO  o.s.b.w.e.tomcat.TomcatWebServer –Tomcat started on port(s): 8081 (http) with context path ''
7994 [restartedMain] INFO  c.practice19.Practice15Application –Started Practice15Application in 7.239 seconds (JVM running for 9.12)
8192 [http-nio-8081-exec-1] INFO  o.a.c.c.C.[Tomcat].[localhost].[/] –Initializing Spring DispatcherServlet 'dispatcherServlet'
8192 [http-nio-8081-exec-1] INFO  o.s.web.servlet.DispatcherServlet –Initializing Servlet 'dispatcherServlet'
8195 [http-nio-8081-exec-1] INFO  o.s.web.servlet.DispatcherServlet –Completed initialization in 2 ms
8220 [http-nio-8081-exec-1] WARN  o.s.web.servlet.PageNotFound –No mapping for GET /items/getItems
21601 [http-nio-8081-exec-3] INFO  com.practice19.aspect.LoggingAspect –Method: getAll. Time: 415 milliseconds. Return: [Item(id=1, name=pen, creation_date=2020-03-11, price=122.0, order_id=1), Item(id=2, name=book, creation_date=2019-06-25, price=674.0, order_id=2), Item(id=4, name=phone1232, creation_date=2020-01-02, price=300000.0, order_id=2), Item(id=5, name=phwee, creation_date=2020-03-11, price=34321.0, order_id=1), Item(id=6, name=phwee2, creation_date=2020-03-12, price=3333.0, order_id=1), Item(id=14, name=asdf, creation_date=2020-03-01, price=340001.0, order_id=1), Item(id=15, name=asf, creation_date=2020-04-07, price=40002.0, order_id=1), Item(id=16, name=zxcvbn, creation_date=2011-03-09, price=13.0, order_id=1), Item(id=12, name=Seregz, creation_date=2001-01-01, price=45.0, order_id=2), Item(id=7, name=phone2, creation_date=2020-02-03, price=30000.0, order_id=1), Item(id=11, name=Seregz, creation_date=2001-01-01, price=45.0, order_id=1), Item(id=10, name=asdf, creation_date=2020-02-03, price=34000.0, order_id=1), Item(id=13, name=asdf, creation_date=2020-03-01, price=340001.0, order_id=2), Item(id=17, name=phone, creation_date=2020-03-01, price=21000.0, order_id=1), Item(id=18, name=phonedddd, creation_date=2020-03-01, price=21000.0, order_id=4), Item(id=21, name=human, creation_date=2020-03-01, price=666.0, order_id=2), Item(id=25, name=ohone, creation_date=2020-03-02, price=300200.0, order_id=2), Item(id=26, name=cola, creation_date=1998-05-03, price=44.0, order_id=2), Item(id=27, name=pascwq, creation_date=2020-03-11, price=321.0, order_id=1), Item(id=33, name=hjonw23s, creation_date=2020-03-01, price=20321.0, order_id=1), Item(id=34, name=newItem, creation_date=2020-03-01, price=20321.0, order_id=1), Item(id=35, name=phone321, creation_date=2020-03-10, price=310000.0, order_id=1), Item(id=36, name=phone3213, creation_date=2020-03-10, price=310.0, order_id=1), Item(id=37, name=phone3213, creation_date=2020-03-10, price=310.0, order_id=1), Item(id=38, name=dsad111, creation_date=2020-03-10, price=310.0, order_id=1), Item(id=39, name=Suit, creation_date=2020-03-10, price=310.0, order_id=1)]
522166 [http-nio-8081-exec-5] INFO  com.practice19.aspect.LoggingAspect –Method: getAll. Time: 23 milliseconds. Return: [Item(id=1, name=pen, creation_date=2020-03-11, price=122.0, order_id=1), Item(id=2, name=book, creation_date=2019-06-25, price=674.0, order_id=2), Item(id=4, name=phone1232, creation_date=2020-01-02, price=300000.0, order_id=2), Item(id=5, name=phwee, creation_date=2020-03-11, price=34321.0, order_id=1), Item(id=6, name=phwee2, creation_date=2020-03-12, price=3333.0, order_id=1), Item(id=14, name=asdf, creation_date=2020-03-01, price=340001.0, order_id=1), Item(id=15, name=asf, creation_date=2020-04-07, price=40002.0, order_id=1), Item(id=16, name=zxcvbn, creation_date=2011-03-09, price=13.0, order_id=1), Item(id=12, name=Seregz, creation_date=2001-01-01, price=45.0, order_id=2), Item(id=7, name=phone2, creation_date=2020-02-03, price=30000.0, order_id=1), Item(id=11, name=Seregz, creation_date=2001-01-01, price=45.0, order_id=1), Item(id=10, name=asdf, creation_date=2020-02-03, price=34000.0, order_id=1), Item(id=13, name=asdf, creation_date=2020-03-01, price=340001.0, order_id=2), Item(id=17, name=phone, creation_date=2020-03-01, price=21000.0, order_id=1), Item(id=18, name=phonedddd, creation_date=2020-03-01, price=21000.0, order_id=4), Item(id=21, name=human, creation_date=2020-03-01, price=666.0, order_id=2), Item(id=25, name=ohone, creation_date=2020-03-02, price=300200.0, order_id=2), Item(id=26, name=cola, creation_date=1998-05-03, price=44.0, order_id=2), Item(id=27, name=pascwq, creation_date=2020-03-11, price=321.0, order_id=1), Item(id=33, name=hjonw23s, creation_date=2020-03-01, price=20321.0, order_id=1), Item(id=34, name=newItem, creation_date=2020-03-01, price=20321.0, order_id=1), Item(id=35, name=phone321, creation_date=2020-03-10, price=310000.0, order_id=1), Item(id=36, name=phone3213, creation_date=2020-03-10, price=310.0, order_id=1), Item(id=37, name=phone3213, creation_date=2020-03-10, price=310.0, order_id=1), Item(id=38, name=dsad111, creation_date=2020-03-10, price=310.0, order_id=1), Item(id=39, name=Suit, creation_date=2020-03-10, price=310.0, order_id=1)]
819847 [http-nio-8081-exec-7] INFO  com.practice19.aspect.LoggingAspect –Method: getAll. Time: 9 milliseconds. Return: [Item(id=1, name=pen, creation_date=2020-03-11, price=122.0, order_id=1), Item(id=2, name=book, creation_date=2019-06-25, price=674.0, order_id=2), Item(id=4, name=phone1232, creation_date=2020-01-02, price=300000.0, order_id=2), Item(id=5, name=phwee, creation_date=2020-03-11, price=34321.0, order_id=1), Item(id=6, name=phwee2, creation_date=2020-03-12, price=3333.0, order_id=1), Item(id=14, name=asdf, creation_date=2020-03-01, price=340001.0, order_id=1), Item(id=15, name=asf, creation_date=2020-04-07, price=40002.0, order_id=1), Item(id=16, name=zxcvbn, creation_date=2011-03-09, price=13.0, order_id=1), Item(id=12, name=Seregz, creation_date=2001-01-01, price=45.0, order_id=2), Item(id=7, name=phone2, creation_date=2020-02-03, price=30000.0, order_id=1), Item(id=11, name=Seregz, creation_date=2001-01-01, price=45.0, order_id=1), Item(id=10, name=asdf, creation_date=2020-02-03, price=34000.0, order_id=1), Item(id=13, name=asdf, creation_date=2020-03-01, price=340001.0, order_id=2), Item(id=17, name=phone, creation_date=2020-03-01, price=21000.0, order_id=1), Item(id=18, name=phonedddd, creation_date=2020-03-01, price=21000.0, order_id=4), Item(id=21, name=human, creation_date=2020-03-01, price=666.0, order_id=2), Item(id=25, name=ohone, creation_date=2020-03-02, price=300200.0, order_id=2), Item(id=26, name=cola, creation_date=1998-05-03, price=44.0, order_id=2), Item(id=27, name=pascwq, creation_date=2020-03-11, price=321.0, order_id=1), Item(id=33, name=hjonw23s, creation_date=2020-03-01, price=20321.0, order_id=1), Item(id=34, name=newItem, creation_date=2020-03-01, price=20321.0, order_id=1), Item(id=35, name=phone321, creation_date=2020-03-10, price=310000.0, order_id=1), Item(id=36, name=phone3213, creation_date=2020-03-10, price=310.0, order_id=1), Item(id=37, name=phone3213, creation_date=2020-03-10, price=310.0, order_id=1), Item(id=38, name=dsad111, creation_date=2020-03-10, price=310.0, order_id=1), Item(id=39, name=Suit, creation_date=2020-03-10, price=310.0, order_id=1)]
890436 [http-nio-8081-exec-9] INFO  com.practice19.aspect.LoggingAspect –Method: getAll. Time: 8 milliseconds. Return: [Item(id=1, name=pen, creation_date=2020-03-11, price=122.0, order_id=1), Item(id=2, name=book, creation_date=2019-06-25, price=674.0, order_id=2), Item(id=4, name=phone1232, creation_date=2020-01-02, price=300000.0, order_id=2), Item(id=5, name=phwee, creation_date=2020-03-11, price=34321.0, order_id=1), Item(id=6, name=phwee2, creation_date=2020-03-12, price=3333.0, order_id=1), Item(id=14, name=asdf, creation_date=2020-03-01, price=340001.0, order_id=1), Item(id=15, name=asf, creation_date=2020-04-07, price=40002.0, order_id=1), Item(id=16, name=zxcvbn, creation_date=2011-03-09, price=13.0, order_id=1), Item(id=12, name=Seregz, creation_date=2001-01-01, price=45.0, order_id=2), Item(id=7, name=phone2, creation_date=2020-02-03, price=30000.0, order_id=1), Item(id=11, name=Seregz, creation_date=2001-01-01, price=45.0, order_id=1), Item(id=10, name=asdf, creation_date=2020-02-03, price=34000.0, order_id=1), Item(id=13, name=asdf, creation_date=2020-03-01, price=340001.0, order_id=2), Item(id=17, name=phone, creation_date=2020-03-01, price=21000.0, order_id=1), Item(id=18, name=phonedddd, creation_date=2020-03-01, price=21000.0, order_id=4), Item(id=21, name=human, creation_date=2020-03-01, price=666.0, order_id=2), Item(id=25, name=ohone, creation_date=2020-03-02, price=300200.0, order_id=2), Item(id=26, name=cola, creation_date=1998-05-03, price=44.0, order_id=2), Item(id=27, name=pascwq, creation_date=2020-03-11, price=321.0, order_id=1), Item(id=33, name=hjonw23s, creation_date=2020-03-01, price=20321.0, order_id=1), Item(id=34, name=newItem, creation_date=2020-03-01, price=20321.0, order_id=1), Item(id=35, name=phone321, creation_date=2020-03-10, price=310000.0, order_id=1), Item(id=36, name=phone3213, creation_date=2020-03-10, price=310.0, order_id=1), Item(id=37, name=phone3213, creation_date=2020-03-10, price=310.0, order_id=1), Item(id=38, name=dsad111, creation_date=2020-03-10, price=310.0, order_id=1), Item(id=39, name=Suit, creation_date=2020-03-10, price=310.0, order_id=1)]
935533 [http-nio-8081-exec-10] INFO  com.practice19.aspect.LoggingAspect –Method: getAll. Time: 11 milliseconds. Return: [Item(id=1, name=pen, creation_date=2020-03-11, price=122.0, order_id=1), Item(id=2, name=book, creation_date=2019-06-25, price=674.0, order_id=2), Item(id=4, name=phone1232, creation_date=2020-01-02, price=300000.0, order_id=2), Item(id=5, name=phwee, creation_date=2020-03-11, price=34321.0, order_id=1), Item(id=6, name=phwee2, creation_date=2020-03-12, price=3333.0, order_id=1), Item(id=14, name=asdf, creation_date=2020-03-01, price=340001.0, order_id=1), Item(id=15, name=asf, creation_date=2020-04-07, price=40002.0, order_id=1), Item(id=16, name=zxcvbn, creation_date=2011-03-09, price=13.0, order_id=1), Item(id=12, name=Seregz, creation_date=2001-01-01, price=45.0, order_id=2), Item(id=7, name=phone2, creation_date=2020-02-03, price=30000.0, order_id=1), Item(id=11, name=Seregz, creation_date=2001-01-01, price=45.0, order_id=1), Item(id=10, name=asdf, creation_date=2020-02-03, price=34000.0, order_id=1), Item(id=13, name=asdf, creation_date=2020-03-01, price=340001.0, order_id=2), Item(id=17, name=phone, creation_date=2020-03-01, price=21000.0, order_id=1), Item(id=18, name=phonedddd, creation_date=2020-03-01, price=21000.0, order_id=4), Item(id=21, name=human, creation_date=2020-03-01, price=666.0, order_id=2), Item(id=25, name=ohone, creation_date=2020-03-02, price=300200.0, order_id=2), Item(id=26, name=cola, creation_date=1998-05-03, price=44.0, order_id=2), Item(id=27, name=pascwq, creation_date=2020-03-11, price=321.0, order_id=1), Item(id=33, name=hjonw23s, creation_date=2020-03-01, price=20321.0, order_id=1), Item(id=34, name=newItem, creation_date=2020-03-01, price=20321.0, order_id=1), Item(id=35, name=phone321, creation_date=2020-03-10, price=310000.0, order_id=1), Item(id=36, name=phone3213, creation_date=2020-03-10, price=310.0, order_id=1), Item(id=37, name=phone3213, creation_date=2020-03-10, price=310.0, order_id=1), Item(id=38, name=dsad111, creation_date=2020-03-10, price=310.0, order_id=1), Item(id=39, name=Suit, creation_date=2020-03-10, price=310.0, order_id=1)]
957908 [http-nio-8081-exec-3] INFO  com.practice19.aspect.LoggingAspect –Method: getAll. Time: 10 milliseconds. Return: [Item(id=1, name=pen, creation_date=2020-03-11, price=122.0, order_id=1), Item(id=2, name=book, creation_date=2019-06-25, price=674.0, order_id=2), Item(id=4, name=phone1232, creation_date=2020-01-02, price=300000.0, order_id=2), Item(id=5, name=phwee, creation_date=2020-03-11, price=34321.0, order_id=1), Item(id=6, name=phwee2, creation_date=2020-03-12, price=3333.0, order_id=1), Item(id=14, name=asdf, creation_date=2020-03-01, price=340001.0, order_id=1), Item(id=15, name=asf, creation_date=2020-04-07, price=40002.0, order_id=1), Item(id=16, name=zxcvbn, creation_date=2011-03-09, price=13.0, order_id=1), Item(id=12, name=Seregz, creation_date=2001-01-01, price=45.0, order_id=2), Item(id=7, name=phone2, creation_date=2020-02-03, price=30000.0, order_id=1), Item(id=11, name=Seregz, creation_date=2001-01-01, price=45.0, order_id=1), Item(id=10, name=asdf, creation_date=2020-02-03, price=34000.0, order_id=1), Item(id=13, name=asdf, creation_date=2020-03-01, price=340001.0, order_id=2), Item(id=17, name=phone, creation_date=2020-03-01, price=21000.0, order_id=1), Item(id=18, name=phonedddd, creation_date=2020-03-01, price=21000.0, order_id=4), Item(id=21, name=human, creation_date=2020-03-01, price=666.0, order_id=2), Item(id=25, name=ohone, creation_date=2020-03-02, price=300200.0, order_id=2), Item(id=26, name=cola, creation_date=1998-05-03, price=44.0, order_id=2), Item(id=27, name=pascwq, creation_date=2020-03-11, price=321.0, order_id=1), Item(id=33, name=hjonw23s, creation_date=2020-03-01, price=20321.0, order_id=1), Item(id=34, name=newItem, creation_date=2020-03-01, price=20321.0, order_id=1), Item(id=35, name=phone321, creation_date=2020-03-10, price=310000.0, order_id=1), Item(id=36, name=phone3213, creation_date=2020-03-10, price=310.0, order_id=1), Item(id=37, name=phone3213, creation_date=2020-03-10, price=310.0, order_id=1), Item(id=38, name=dsad111, creation_date=2020-03-10, price=310.0, order_id=1), Item(id=39, name=Suit, creation_date=2020-03-10, price=310.0, order_id=1)]
958076 [http-nio-8081-exec-4] WARN  o.s.web.servlet.PageNotFound –No mapping for GET /favicon.ico
978697 [http-nio-8081-exec-7] INFO  com.practice19.aspect.LoggingAspect –Method: getAll. Time: 7 milliseconds. Return: [Item(id=1, name=pen, creation_date=2020-03-11, price=122.0, order_id=1), Item(id=2, name=book, creation_date=2019-06-25, price=674.0, order_id=2), Item(id=4, name=phone1232, creation_date=2020-01-02, price=300000.0, order_id=2), Item(id=5, name=phwee, creation_date=2020-03-11, price=34321.0, order_id=1), Item(id=6, name=phwee2, creation_date=2020-03-12, price=3333.0, order_id=1), Item(id=14, name=asdf, creation_date=2020-03-01, price=340001.0, order_id=1), Item(id=15, name=asf, creation_date=2020-04-07, price=40002.0, order_id=1), Item(id=16, name=zxcvbn, creation_date=2011-03-09, price=13.0, order_id=1), Item(id=12, name=Seregz, creation_date=2001-01-01, price=45.0, order_id=2), Item(id=7, name=phone2, creation_date=2020-02-03, price=30000.0, order_id=1), Item(id=11, name=Seregz, creation_date=2001-01-01, price=45.0, order_id=1), Item(id=10, name=asdf, creation_date=2020-02-03, price=34000.0, order_id=1), Item(id=13, name=asdf, creation_date=2020-03-01, price=340001.0, order_id=2), Item(id=17, name=phone, creation_date=2020-03-01, price=21000.0, order_id=1), Item(id=18, name=phonedddd, creation_date=2020-03-01, price=21000.0, order_id=4), Item(id=21, name=human, creation_date=2020-03-01, price=666.0, order_id=2), Item(id=25, name=ohone, creation_date=2020-03-02, price=300200.0, order_id=2), Item(id=26, name=cola, creation_date=1998-05-03, price=44.0, order_id=2), Item(id=27, name=pascwq, creation_date=2020-03-11, price=321.0, order_id=1), Item(id=33, name=hjonw23s, creation_date=2020-03-01, price=20321.0, order_id=1), Item(id=34, name=newItem, creation_date=2020-03-01, price=20321.0, order_id=1), Item(id=35, name=phone321, creation_date=2020-03-10, price=310000.0, order_id=1), Item(id=36, name=phone3213, creation_date=2020-03-10, price=310.0, order_id=1), Item(id=37, name=phone3213, creation_date=2020-03-10, price=310.0, order_id=1), Item(id=38, name=dsad111, creation_date=2020-03-10, price=310.0, order_id=1), Item(id=39, name=Suit, creation_date=2020-03-10, price=310.0, order_id=1)]
1458 [restartedMain] INFO  c.practice19.Practice15Application –Starting Practice15Application using Java 15.0.2 on LAPTOP-6V93DAJC with PID 17952 (C:\Users\Danila\GoogleDrive\Institute\4-rd_semestr\JavaTemplates\practice21\target\classes started by Danila in C:\Users\Danila\GoogleDrive\Institute\4-rd_semestr\JavaTemplates\practice21)
1461 [restartedMain] INFO  c.practice19.Practice15Application –No active profile set, falling back to default profiles: default
1530 [restartedMain] INFO  o.s.b.d.e.DevToolsPropertyDefaultsPostProcessor –Devtools property defaults active! Set 'spring.devtools.add-properties' to 'false' to disable
1531 [restartedMain] INFO  o.s.b.d.e.DevToolsPropertyDefaultsPostProcessor –For additional web related logging consider setting the 'logging.level.web' property to 'DEBUG'
2834 [restartedMain] INFO  o.s.d.r.c.RepositoryConfigurationDelegate –Bootstrapping Spring Data JPA repositories in DEFAULT mode.
2947 [restartedMain] INFO  o.s.d.r.c.RepositoryConfigurationDelegate –Finished Spring Data repository scanning in 101 ms. Found 2 JPA repository interfaces.
4177 [restartedMain] INFO  o.s.b.w.e.tomcat.TomcatWebServer –Tomcat initialized with port(s): 8081 (http)
4194 [restartedMain] INFO  o.a.coyote.http11.Http11NioProtocol –Initializing ProtocolHandler ["http-nio-8081"]
4195 [restartedMain] INFO  o.a.catalina.core.StandardService –Starting service [Tomcat]
4195 [restartedMain] INFO  o.a.catalina.core.StandardEngine –Starting Servlet engine: [Apache Tomcat/9.0.44]
4369 [restartedMain] INFO  o.a.c.c.C.[Tomcat].[localhost].[/] –Initializing Spring embedded WebApplicationContext
4371 [restartedMain] INFO  o.s.b.w.s.c.ServletWebServerApplicationContext –Root WebApplicationContext: initialization completed in 2836 ms
4643 [restartedMain] INFO  o.h.jpa.internal.util.LogHelper –HHH000204: Processing PersistenceUnitInfo [name: default]
4729 [restartedMain] INFO  org.hibernate.Version –HHH000412: Hibernate ORM core version 5.4.29.Final
5001 [restartedMain] INFO  o.h.annotations.common.Version –HCANN000001: Hibernate Commons Annotations {5.1.2.Final}
5173 [restartedMain] INFO  com.zaxxer.hikari.HikariDataSource –HikariPool-1 - Starting...
5553 [restartedMain] INFO  com.zaxxer.hikari.HikariDataSource –HikariPool-1 - Start completed.
5599 [restartedMain] INFO  org.hibernate.dialect.Dialect –HHH000400: Using dialect: org.hibernate.dialect.PostgreSQL10Dialect
6947 [restartedMain] INFO  o.h.e.t.j.p.i.JtaPlatformInitiator –HHH000490: Using JtaPlatform implementation: [org.hibernate.engine.transaction.jta.platform.internal.NoJtaPlatform]
6966 [restartedMain] INFO  o.s.o.j.LocalContainerEntityManagerFactoryBean –Initialized JPA EntityManagerFactory for persistence unit 'default'
7052 [restartedMain] INFO  o.s.b.d.a.OptionalLiveReloadServer –LiveReload server is running on port 35729
8029 [restartedMain] WARN  o.s.b.a.o.j.JpaBaseConfiguration$JpaWebConfiguration –spring.jpa.open-in-view is enabled by default. Therefore, database queries may be performed during view rendering. Explicitly configure spring.jpa.open-in-view to disable this warning
8347 [restartedMain] INFO  o.s.s.c.ThreadPoolTaskExecutor –Initializing ExecutorService 'applicationTaskExecutor'
8547 [restartedMain] INFO  o.s.b.a.w.s.WelcomePageHandlerMapping –Adding welcome page template: index
9134 [restartedMain] INFO  o.a.coyote.http11.Http11NioProtocol –Starting ProtocolHandler ["http-nio-8081"]
9206 [restartedMain] INFO  o.s.b.w.e.tomcat.TomcatWebServer –Tomcat started on port(s): 8081 (http) with context path ''
9255 [restartedMain] INFO  c.practice19.Practice15Application –Started Practice15Application in 8.379 seconds (JVM running for 10.554)
18357 [http-nio-8081-exec-1] INFO  o.a.c.c.C.[Tomcat].[localhost].[/] –Initializing Spring DispatcherServlet 'dispatcherServlet'
18357 [http-nio-8081-exec-1] INFO  o.s.web.servlet.DispatcherServlet –Initializing Servlet 'dispatcherServlet'
18359 [http-nio-8081-exec-1] INFO  o.s.web.servlet.DispatcherServlet –Completed initialization in 1 ms
18761 [http-nio-8081-exec-1] INFO  com.practice19.aspect.LoggingAspect –Method: getAll. Time: 325 milliseconds. Return: [Item(id=1, name=pen, creation_date=2020-03-11, price=122.0, order_id=1), Item(id=2, name=book, creation_date=2019-06-25, price=674.0, order_id=2), Item(id=4, name=phone1232, creation_date=2020-01-02, price=300000.0, order_id=2), Item(id=5, name=phwee, creation_date=2020-03-11, price=34321.0, order_id=1), Item(id=6, name=phwee2, creation_date=2020-03-12, price=3333.0, order_id=1), Item(id=14, name=asdf, creation_date=2020-03-01, price=340001.0, order_id=1), Item(id=15, name=asf, creation_date=2020-04-07, price=40002.0, order_id=1), Item(id=16, name=zxcvbn, creation_date=2011-03-09, price=13.0, order_id=1), Item(id=12, name=Seregz, creation_date=2001-01-01, price=45.0, order_id=2), Item(id=7, name=phone2, creation_date=2020-02-03, price=30000.0, order_id=1), Item(id=11, name=Seregz, creation_date=2001-01-01, price=45.0, order_id=1), Item(id=10, name=asdf, creation_date=2020-02-03, price=34000.0, order_id=1), Item(id=13, name=asdf, creation_date=2020-03-01, price=340001.0, order_id=2), Item(id=17, name=phone, creation_date=2020-03-01, price=21000.0, order_id=1), Item(id=18, name=phonedddd, creation_date=2020-03-01, price=21000.0, order_id=4), Item(id=21, name=human, creation_date=2020-03-01, price=666.0, order_id=2), Item(id=25, name=ohone, creation_date=2020-03-02, price=300200.0, order_id=2), Item(id=26, name=cola, creation_date=1998-05-03, price=44.0, order_id=2), Item(id=27, name=pascwq, creation_date=2020-03-11, price=321.0, order_id=1), Item(id=33, name=hjonw23s, creation_date=2020-03-01, price=20321.0, order_id=1), Item(id=34, name=newItem, creation_date=2020-03-01, price=20321.0, order_id=1), Item(id=35, name=phone321, creation_date=2020-03-10, price=310000.0, order_id=1), Item(id=36, name=phone3213, creation_date=2020-03-10, price=310.0, order_id=1), Item(id=37, name=phone3213, creation_date=2020-03-10, price=310.0, order_id=1), Item(id=38, name=dsad111, creation_date=2020-03-10, price=310.0, order_id=1), Item(id=39, name=Suit, creation_date=2020-03-10, price=310.0, order_id=1)]
1149 [restartedMain] INFO  c.practice19.Practice15Application –Starting Practice15Application using Java 15.0.2 on LAPTOP-6V93DAJC with PID 9556 (C:\Users\Danila\GoogleDrive\Institute\4-rd_semestr\JavaTemplates\practice21\target\classes started by Danila in C:\Users\Danila\GoogleDrive\Institute\4-rd_semestr\JavaTemplates\practice21)
1153 [restartedMain] INFO  c.practice19.Practice15Application –No active profile set, falling back to default profiles: default
1211 [restartedMain] INFO  o.s.b.d.e.DevToolsPropertyDefaultsPostProcessor –Devtools property defaults active! Set 'spring.devtools.add-properties' to 'false' to disable
1212 [restartedMain] INFO  o.s.b.d.e.DevToolsPropertyDefaultsPostProcessor –For additional web related logging consider setting the 'logging.level.web' property to 'DEBUG'
2102 [restartedMain] INFO  o.s.d.r.c.RepositoryConfigurationDelegate –Bootstrapping Spring Data JPA repositories in DEFAULT mode.
2188 [restartedMain] INFO  o.s.d.r.c.RepositoryConfigurationDelegate –Finished Spring Data repository scanning in 77 ms. Found 2 JPA repository interfaces.
3228 [restartedMain] INFO  o.s.b.w.e.tomcat.TomcatWebServer –Tomcat initialized with port(s): 8081 (http)
3241 [restartedMain] INFO  o.a.coyote.http11.Http11NioProtocol –Initializing ProtocolHandler ["http-nio-8081"]
3242 [restartedMain] INFO  o.a.catalina.core.StandardService –Starting service [Tomcat]
3243 [restartedMain] INFO  o.a.catalina.core.StandardEngine –Starting Servlet engine: [Apache Tomcat/9.0.44]
3370 [restartedMain] INFO  o.a.c.c.C.[Tomcat].[localhost].[/] –Initializing Spring embedded WebApplicationContext
3370 [restartedMain] INFO  o.s.b.w.s.c.ServletWebServerApplicationContext –Root WebApplicationContext: initialization completed in 2157 ms
3705 [restartedMain] INFO  o.h.jpa.internal.util.LogHelper –HHH000204: Processing PersistenceUnitInfo [name: default]
3807 [restartedMain] INFO  org.hibernate.Version –HHH000412: Hibernate ORM core version 5.4.29.Final
4141 [restartedMain] INFO  o.h.annotations.common.Version –HCANN000001: Hibernate Commons Annotations {5.1.2.Final}
4325 [restartedMain] INFO  com.zaxxer.hikari.HikariDataSource –HikariPool-1 - Starting...
4715 [restartedMain] INFO  com.zaxxer.hikari.HikariDataSource –HikariPool-1 - Start completed.
4767 [restartedMain] INFO  org.hibernate.dialect.Dialect –HHH000400: Using dialect: org.hibernate.dialect.PostgreSQL10Dialect
5806 [restartedMain] INFO  o.h.e.t.j.p.i.JtaPlatformInitiator –HHH000490: Using JtaPlatform implementation: [org.hibernate.engine.transaction.jta.platform.internal.NoJtaPlatform]
5820 [restartedMain] INFO  o.s.o.j.LocalContainerEntityManagerFactoryBean –Initialized JPA EntityManagerFactory for persistence unit 'default'
5905 [restartedMain] INFO  o.s.b.d.a.OptionalLiveReloadServer –LiveReload server is running on port 35729
6501 [restartedMain] WARN  o.s.b.a.o.j.JpaBaseConfiguration$JpaWebConfiguration –spring.jpa.open-in-view is enabled by default. Therefore, database queries may be performed during view rendering. Explicitly configure spring.jpa.open-in-view to disable this warning
6653 [restartedMain] INFO  o.s.s.c.ThreadPoolTaskExecutor –Initializing ExecutorService 'applicationTaskExecutor'
6778 [restartedMain] INFO  o.s.b.a.w.s.WelcomePageHandlerMapping –Adding welcome page template: index
7018 [restartedMain] INFO  o.a.coyote.http11.Http11NioProtocol –Starting ProtocolHandler ["http-nio-8081"]
7054 [restartedMain] INFO  o.s.b.w.e.tomcat.TomcatWebServer –Tomcat started on port(s): 8081 (http) with context path ''
7071 [restartedMain] INFO  c.practice19.Practice15Application –Started Practice15Application in 6.465 seconds (JVM running for 8.257)
53026 [http-nio-8081-exec-1] INFO  o.a.c.c.C.[Tomcat].[localhost].[/] –Initializing Spring DispatcherServlet 'dispatcherServlet'
53027 [http-nio-8081-exec-1] INFO  o.s.web.servlet.DispatcherServlet –Initializing Servlet 'dispatcherServlet'
53032 [http-nio-8081-exec-1] INFO  o.s.web.servlet.DispatcherServlet –Completed initialization in 4 ms
53072 [http-nio-8081-exec-1] WARN  o.s.web.servlet.PageNotFound –No mapping for OPTIONS /items/addItem
144191 [http-nio-8081-exec-6] INFO  com.practice19.aspect.LoggingAspect –Method: getAll. Time: 393 milliseconds. Return: [Item(id=1, name=pen, creation_date=2020-03-11, price=122.0, order_id=1), Item(id=2, name=book, creation_date=2019-06-25, price=674.0, order_id=2), Item(id=4, name=phone1232, creation_date=2020-01-02, price=300000.0, order_id=2), Item(id=5, name=phwee, creation_date=2020-03-11, price=34321.0, order_id=1), Item(id=6, name=phwee2, creation_date=2020-03-12, price=3333.0, order_id=1), Item(id=14, name=asdf, creation_date=2020-03-01, price=340001.0, order_id=1), Item(id=15, name=asf, creation_date=2020-04-07, price=40002.0, order_id=1), Item(id=16, name=zxcvbn, creation_date=2011-03-09, price=13.0, order_id=1), Item(id=12, name=Seregz, creation_date=2001-01-01, price=45.0, order_id=2), Item(id=7, name=phone2, creation_date=2020-02-03, price=30000.0, order_id=1), Item(id=11, name=Seregz, creation_date=2001-01-01, price=45.0, order_id=1), Item(id=10, name=asdf, creation_date=2020-02-03, price=34000.0, order_id=1), Item(id=13, name=asdf, creation_date=2020-03-01, price=340001.0, order_id=2), Item(id=17, name=phone, creation_date=2020-03-01, price=21000.0, order_id=1), Item(id=18, name=phonedddd, creation_date=2020-03-01, price=21000.0, order_id=4), Item(id=21, name=human, creation_date=2020-03-01, price=666.0, order_id=2), Item(id=25, name=ohone, creation_date=2020-03-02, price=300200.0, order_id=2), Item(id=26, name=cola, creation_date=1998-05-03, price=44.0, order_id=2), Item(id=27, name=pascwq, creation_date=2020-03-11, price=321.0, order_id=1), Item(id=33, name=hjonw23s, creation_date=2020-03-01, price=20321.0, order_id=1), Item(id=34, name=newItem, creation_date=2020-03-01, price=20321.0, order_id=1), Item(id=35, name=phone321, creation_date=2020-03-10, price=310000.0, order_id=1), Item(id=36, name=phone3213, creation_date=2020-03-10, price=310.0, order_id=1), Item(id=37, name=phone3213, creation_date=2020-03-10, price=310.0, order_id=1), Item(id=38, name=dsad111, creation_date=2020-03-10, price=310.0, order_id=1), Item(id=39, name=Suit, creation_date=2020-03-10, price=310.0, order_id=1)]
161274 [http-nio-8081-exec-7] INFO  com.practice19.aspect.LoggingAspect –Method: getAll. Time: 12 milliseconds. Return: [Item(id=1, name=pen, creation_date=2020-03-11, price=122.0, order_id=1), Item(id=2, name=book, creation_date=2019-06-25, price=674.0, order_id=2), Item(id=4, name=phone1232, creation_date=2020-01-02, price=300000.0, order_id=2), Item(id=5, name=phwee, creation_date=2020-03-11, price=34321.0, order_id=1), Item(id=6, name=phwee2, creation_date=2020-03-12, price=3333.0, order_id=1), Item(id=14, name=asdf, creation_date=2020-03-01, price=340001.0, order_id=1), Item(id=15, name=asf, creation_date=2020-04-07, price=40002.0, order_id=1), Item(id=16, name=zxcvbn, creation_date=2011-03-09, price=13.0, order_id=1), Item(id=12, name=Seregz, creation_date=2001-01-01, price=45.0, order_id=2), Item(id=7, name=phone2, creation_date=2020-02-03, price=30000.0, order_id=1), Item(id=11, name=Seregz, creation_date=2001-01-01, price=45.0, order_id=1), Item(id=10, name=asdf, creation_date=2020-02-03, price=34000.0, order_id=1), Item(id=13, name=asdf, creation_date=2020-03-01, price=340001.0, order_id=2), Item(id=17, name=phone, creation_date=2020-03-01, price=21000.0, order_id=1), Item(id=18, name=phonedddd, creation_date=2020-03-01, price=21000.0, order_id=4), Item(id=21, name=human, creation_date=2020-03-01, price=666.0, order_id=2), Item(id=25, name=ohone, creation_date=2020-03-02, price=300200.0, order_id=2), Item(id=26, name=cola, creation_date=1998-05-03, price=44.0, order_id=2), Item(id=27, name=pascwq, creation_date=2020-03-11, price=321.0, order_id=1), Item(id=33, name=hjonw23s, creation_date=2020-03-01, price=20321.0, order_id=1), Item(id=34, name=newItem, creation_date=2020-03-01, price=20321.0, order_id=1), Item(id=35, name=phone321, creation_date=2020-03-10, price=310000.0, order_id=1), Item(id=36, name=phone3213, creation_date=2020-03-10, price=310.0, order_id=1), Item(id=37, name=phone3213, creation_date=2020-03-10, price=310.0, order_id=1), Item(id=38, name=dsad111, creation_date=2020-03-10, price=310.0, order_id=1), Item(id=39, name=Suit, creation_date=2020-03-10, price=310.0, order_id=1)]
1002 [restartedMain] INFO  c.practice19.Practice15Application –Starting Practice15Application using Java 15.0.2 on LAPTOP-6V93DAJC with PID 18012 (C:\Users\Danila\GoogleDrive\Institute\4-rd_semestr\JavaTemplates\practice21\target\classes started by Danila in C:\Users\Danila\GoogleDrive\Institute\4-rd_semestr\JavaTemplates\practice21)
1005 [restartedMain] INFO  c.practice19.Practice15Application –No active profile set, falling back to default profiles: default
1061 [restartedMain] INFO  o.s.b.d.e.DevToolsPropertyDefaultsPostProcessor –Devtools property defaults active! Set 'spring.devtools.add-properties' to 'false' to disable
1062 [restartedMain] INFO  o.s.b.d.e.DevToolsPropertyDefaultsPostProcessor –For additional web related logging consider setting the 'logging.level.web' property to 'DEBUG'
2225 [restartedMain] INFO  o.s.d.r.c.RepositoryConfigurationDelegate –Bootstrapping Spring Data JPA repositories in DEFAULT mode.
2378 [restartedMain] INFO  o.s.d.r.c.RepositoryConfigurationDelegate –Finished Spring Data repository scanning in 135 ms. Found 2 JPA repository interfaces.
3835 [restartedMain] INFO  o.s.b.w.e.tomcat.TomcatWebServer –Tomcat initialized with port(s): 8081 (http)
3856 [restartedMain] INFO  o.a.coyote.http11.Http11NioProtocol –Initializing ProtocolHandler ["http-nio-8081"]
3857 [restartedMain] INFO  o.a.catalina.core.StandardService –Starting service [Tomcat]
3857 [restartedMain] INFO  o.a.catalina.core.StandardEngine –Starting Servlet engine: [Apache Tomcat/9.0.44]
4071 [restartedMain] INFO  o.a.c.c.C.[Tomcat].[localhost].[/] –Initializing Spring embedded WebApplicationContext
4071 [restartedMain] INFO  o.s.b.w.s.c.ServletWebServerApplicationContext –Root WebApplicationContext: initialization completed in 3008 ms
4419 [restartedMain] INFO  o.h.jpa.internal.util.LogHelper –HHH000204: Processing PersistenceUnitInfo [name: default]
4518 [restartedMain] INFO  org.hibernate.Version –HHH000412: Hibernate ORM core version 5.4.29.Final
4799 [restartedMain] INFO  o.h.annotations.common.Version –HCANN000001: Hibernate Commons Annotations {5.1.2.Final}
4961 [restartedMain] INFO  com.zaxxer.hikari.HikariDataSource –HikariPool-1 - Starting...
5286 [restartedMain] INFO  com.zaxxer.hikari.HikariDataSource –HikariPool-1 - Start completed.
5341 [restartedMain] INFO  org.hibernate.dialect.Dialect –HHH000400: Using dialect: org.hibernate.dialect.PostgreSQL10Dialect
6369 [restartedMain] INFO  o.h.e.t.j.p.i.JtaPlatformInitiator –HHH000490: Using JtaPlatform implementation: [org.hibernate.engine.transaction.jta.platform.internal.NoJtaPlatform]
6386 [restartedMain] INFO  o.s.o.j.LocalContainerEntityManagerFactoryBean –Initialized JPA EntityManagerFactory for persistence unit 'default'
6499 [restartedMain] INFO  o.s.b.d.a.OptionalLiveReloadServer –LiveReload server is running on port 35729
7143 [restartedMain] WARN  o.s.b.a.o.j.JpaBaseConfiguration$JpaWebConfiguration –spring.jpa.open-in-view is enabled by default. Therefore, database queries may be performed during view rendering. Explicitly configure spring.jpa.open-in-view to disable this warning
7307 [restartedMain] INFO  o.s.s.c.ThreadPoolTaskExecutor –Initializing ExecutorService 'applicationTaskExecutor'
7430 [restartedMain] INFO  o.s.b.a.w.s.WelcomePageHandlerMapping –Adding welcome page template: index
7842 [restartedMain] INFO  o.a.coyote.http11.Http11NioProtocol –Starting ProtocolHandler ["http-nio-8081"]
7899 [restartedMain] INFO  o.s.b.w.e.tomcat.TomcatWebServer –Tomcat started on port(s): 8081 (http) with context path ''
7923 [restartedMain] INFO  c.practice19.Practice15Application –Started Practice15Application in 7.388 seconds (JVM running for 8.806)
47565 [http-nio-8081-exec-1] INFO  o.a.c.c.C.[Tomcat].[localhost].[/] –Initializing Spring DispatcherServlet 'dispatcherServlet'
47565 [http-nio-8081-exec-1] INFO  o.s.web.servlet.DispatcherServlet –Initializing Servlet 'dispatcherServlet'
47567 [http-nio-8081-exec-1] INFO  o.s.web.servlet.DispatcherServlet –Completed initialization in 2 ms
52158 [http-nio-8081-exec-3] INFO  com.practice19.aspect.LoggingAspect –Method: getAll. Time: 234 milliseconds. Return: [Item(id=1, name=pen, creation_date=2020-03-11, price=122.0, order_id=1), Item(id=2, name=book, creation_date=2019-06-25, price=674.0, order_id=2), Item(id=4, name=phone1232, creation_date=2020-01-02, price=300000.0, order_id=2), Item(id=5, name=phwee, creation_date=2020-03-11, price=34321.0, order_id=1), Item(id=6, name=phwee2, creation_date=2020-03-12, price=3333.0, order_id=1), Item(id=14, name=asdf, creation_date=2020-03-01, price=340001.0, order_id=1), Item(id=15, name=asf, creation_date=2020-04-07, price=40002.0, order_id=1), Item(id=16, name=zxcvbn, creation_date=2011-03-09, price=13.0, order_id=1), Item(id=12, name=Seregz, creation_date=2001-01-01, price=45.0, order_id=2), Item(id=7, name=phone2, creation_date=2020-02-03, price=30000.0, order_id=1), Item(id=11, name=Seregz, creation_date=2001-01-01, price=45.0, order_id=1), Item(id=10, name=asdf, creation_date=2020-02-03, price=34000.0, order_id=1), Item(id=13, name=asdf, creation_date=2020-03-01, price=340001.0, order_id=2), Item(id=17, name=phone, creation_date=2020-03-01, price=21000.0, order_id=1), Item(id=18, name=phonedddd, creation_date=2020-03-01, price=21000.0, order_id=4), Item(id=21, name=human, creation_date=2020-03-01, price=666.0, order_id=2), Item(id=25, name=ohone, creation_date=2020-03-02, price=300200.0, order_id=2), Item(id=26, name=cola, creation_date=1998-05-03, price=44.0, order_id=2), Item(id=27, name=pascwq, creation_date=2020-03-11, price=321.0, order_id=1), Item(id=33, name=hjonw23s, creation_date=2020-03-01, price=20321.0, order_id=1), Item(id=34, name=newItem, creation_date=2020-03-01, price=20321.0, order_id=1), Item(id=35, name=phone321, creation_date=2020-03-10, price=310000.0, order_id=1), Item(id=36, name=phone3213, creation_date=2020-03-10, price=310.0, order_id=1), Item(id=37, name=phone3213, creation_date=2020-03-10, price=310.0, order_id=1), Item(id=38, name=dsad111, creation_date=2020-03-10, price=310.0, order_id=1), Item(id=39, name=Suit, creation_date=2020-03-10, price=310.0, order_id=1)]
60031 [http-nio-8081-exec-2] INFO  com.practice19.aspect.LoggingAspect –Method: save. Time: 12214 milliseconds.
65218 [http-nio-8081-exec-4] INFO  com.practice19.aspect.LoggingAspect –Method: save. Time: 10733 milliseconds.
80401 [http-nio-8081-exec-5] INFO  com.practice19.aspect.LoggingAspect –Method: getAll. Time: 9 milliseconds. Return: [Item(id=1, name=pen, creation_date=2020-03-11, price=122.0, order_id=1), Item(id=2, name=book, creation_date=2019-06-25, price=674.0, order_id=2), Item(id=4, name=phone1232, creation_date=2020-01-02, price=300000.0, order_id=2), Item(id=5, name=phwee, creation_date=2020-03-11, price=34321.0, order_id=1), Item(id=6, name=phwee2, creation_date=2020-03-12, price=3333.0, order_id=1), Item(id=14, name=asdf, creation_date=2020-03-01, price=340001.0, order_id=1), Item(id=15, name=asf, creation_date=2020-04-07, price=40002.0, order_id=1), Item(id=16, name=zxcvbn, creation_date=2011-03-09, price=13.0, order_id=1), Item(id=12, name=Seregz, creation_date=2001-01-01, price=45.0, order_id=2), Item(id=7, name=phone2, creation_date=2020-02-03, price=30000.0, order_id=1), Item(id=11, name=Seregz, creation_date=2001-01-01, price=45.0, order_id=1), Item(id=10, name=asdf, creation_date=2020-02-03, price=34000.0, order_id=1), Item(id=13, name=asdf, creation_date=2020-03-01, price=340001.0, order_id=2), Item(id=17, name=phone, creation_date=2020-03-01, price=21000.0, order_id=1), Item(id=18, name=phonedddd, creation_date=2020-03-01, price=21000.0, order_id=4), Item(id=21, name=human, creation_date=2020-03-01, price=666.0, order_id=2), Item(id=25, name=ohone, creation_date=2020-03-02, price=300200.0, order_id=2), Item(id=26, name=cola, creation_date=1998-05-03, price=44.0, order_id=2), Item(id=27, name=pascwq, creation_date=2020-03-11, price=321.0, order_id=1), Item(id=33, name=hjonw23s, creation_date=2020-03-01, price=20321.0, order_id=1), Item(id=34, name=newItem, creation_date=2020-03-01, price=20321.0, order_id=1), Item(id=35, name=phone321, creation_date=2020-03-10, price=310000.0, order_id=1), Item(id=36, name=phone3213, creation_date=2020-03-10, price=310.0, order_id=1), Item(id=37, name=phone3213, creation_date=2020-03-10, price=310.0, order_id=1), Item(id=38, name=dsad111, creation_date=2020-03-10, price=310.0, order_id=1), Item(id=39, name=Suit, creation_date=2020-03-10, price=310.0, order_id=1), Item(id=40, name=vue js, creation_date=2021-04-16, price=1000000.0, order_id=2), Item(id=41, name=vue js, creation_date=2021-04-16, price=1000000.0, order_id=2)]
101960 [http-nio-8081-exec-7] INFO  com.practice19.aspect.LoggingAspect –Method: delete. Time: 28 milliseconds.
103519 [http-nio-8081-exec-8] INFO  com.practice19.aspect.LoggingAspect –Method: getAll. Time: 9 milliseconds. Return: [Item(id=1, name=pen, creation_date=2020-03-11, price=122.0, order_id=1), Item(id=2, name=book, creation_date=2019-06-25, price=674.0, order_id=2), Item(id=4, name=phone1232, creation_date=2020-01-02, price=300000.0, order_id=2), Item(id=5, name=phwee, creation_date=2020-03-11, price=34321.0, order_id=1), Item(id=6, name=phwee2, creation_date=2020-03-12, price=3333.0, order_id=1), Item(id=14, name=asdf, creation_date=2020-03-01, price=340001.0, order_id=1), Item(id=15, name=asf, creation_date=2020-04-07, price=40002.0, order_id=1), Item(id=16, name=zxcvbn, creation_date=2011-03-09, price=13.0, order_id=1), Item(id=12, name=Seregz, creation_date=2001-01-01, price=45.0, order_id=2), Item(id=7, name=phone2, creation_date=2020-02-03, price=30000.0, order_id=1), Item(id=11, name=Seregz, creation_date=2001-01-01, price=45.0, order_id=1), Item(id=10, name=asdf, creation_date=2020-02-03, price=34000.0, order_id=1), Item(id=13, name=asdf, creation_date=2020-03-01, price=340001.0, order_id=2), Item(id=17, name=phone, creation_date=2020-03-01, price=21000.0, order_id=1), Item(id=18, name=phonedddd, creation_date=2020-03-01, price=21000.0, order_id=4), Item(id=21, name=human, creation_date=2020-03-01, price=666.0, order_id=2), Item(id=25, name=ohone, creation_date=2020-03-02, price=300200.0, order_id=2), Item(id=26, name=cola, creation_date=1998-05-03, price=44.0, order_id=2), Item(id=27, name=pascwq, creation_date=2020-03-11, price=321.0, order_id=1), Item(id=33, name=hjonw23s, creation_date=2020-03-01, price=20321.0, order_id=1), Item(id=34, name=newItem, creation_date=2020-03-01, price=20321.0, order_id=1), Item(id=35, name=phone321, creation_date=2020-03-10, price=310000.0, order_id=1), Item(id=36, name=phone3213, creation_date=2020-03-10, price=310.0, order_id=1), Item(id=37, name=phone3213, creation_date=2020-03-10, price=310.0, order_id=1), Item(id=38, name=dsad111, creation_date=2020-03-10, price=310.0, order_id=1), Item(id=39, name=Suit, creation_date=2020-03-10, price=310.0, order_id=1), Item(id=40, name=vue js, creation_date=2021-04-16, price=1000000.0, order_id=2)]
