306  [restartedMain] INFO  c.practice19.Practice15Application –Starting Practice15Application using Java 15.0.3 on MacBook-Air-Danila.local with PID 62998 (/Users/danila/GoogleDrive/Institute/4-rd_semestr/JavaTemplates/practice24/target/classes started by danila in /Users/danila/GoogleDrive/Institute/4-rd_semestr/JavaTemplates/practice24)
310  [restartedMain] INFO  c.practice19.Practice15Application –No active profile set, falling back to default profiles: default
333  [restartedMain] INFO  o.s.b.d.e.DevToolsPropertyDefaultsPostProcessor –Devtools property defaults active! Set 'spring.devtools.add-properties' to 'false' to disable
334  [restartedMain] INFO  o.s.b.d.e.DevToolsPropertyDefaultsPostProcessor –For additional web related logging consider setting the 'logging.level.web' property to 'DEBUG'
654  [restartedMain] INFO  o.s.d.r.c.RepositoryConfigurationDelegate –Bootstrapping Spring Data JPA repositories in DEFAULT mode.
689  [restartedMain] INFO  o.s.d.r.c.RepositoryConfigurationDelegate –Finished Spring Data repository scanning in 30 ms. Found 3 JPA repository interfaces.
866  [restartedMain] INFO  o.s.c.s.PostProcessorRegistrationDelegate$BeanPostProcessorChecker –Bean 'org.springframework.security.access.expression.method.DefaultMethodSecurityExpressionHandler@6097e463' of type [org.springframework.security.access.expression.method.DefaultMethodSecurityExpressionHandler] is not eligible for getting processed by all BeanPostProcessors (for example: not eligible for auto-proxying)
869  [restartedMain] INFO  o.s.c.s.PostProcessorRegistrationDelegate$BeanPostProcessorChecker –Bean 'methodSecurityMetadataSource' of type [org.springframework.security.access.method.DelegatingMethodSecurityMetadataSource] is not eligible for getting processed by all BeanPostProcessors (for example: not eligible for auto-proxying)
989  [restartedMain] INFO  o.s.b.w.e.tomcat.TomcatWebServer –Tomcat initialized with port(s): 8080 (http)
992  [restartedMain] INFO  o.a.coyote.http11.Http11NioProtocol –Initializing ProtocolHandler ["http-nio-8080"]
993  [restartedMain] INFO  o.a.catalina.core.StandardService –Starting service [Tomcat]
993  [restartedMain] INFO  o.a.catalina.core.StandardEngine –Starting Servlet engine: [Apache Tomcat/9.0.44]
1020 [restartedMain] INFO  o.a.c.c.C.[Tomcat].[localhost].[/] –Initializing Spring embedded WebApplicationContext
1020 [restartedMain] INFO  o.s.b.w.s.c.ServletWebServerApplicationContext –Root WebApplicationContext: initialization completed in 686 ms
1104 [restartedMain] INFO  o.h.jpa.internal.util.LogHelper –HHH000204: Processing PersistenceUnitInfo [name: default]
1124 [restartedMain] INFO  org.hibernate.Version –HHH000412: Hibernate ORM core version 5.4.29.Final
1171 [restartedMain] INFO  o.h.annotations.common.Version –HCANN000001: Hibernate Commons Annotations {5.1.2.Final}
1203 [restartedMain] INFO  com.zaxxer.hikari.HikariDataSource –HikariPool-1 - Starting...
2220 [restartedMain] ERROR com.zaxxer.hikari.pool.HikariPool –HikariPool-1 - Exception during pool initialization.
org.postgresql.util.PSQLException: Подсоединение по адресу localhost:5432 отклонено. Проверьте что хост и порт указаны правильно и что postmaster принимает TCP/IP-подсоединения.
	at org.postgresql.core.v3.ConnectionFactoryImpl.openConnectionImpl(ConnectionFactoryImpl.java:303)
	at org.postgresql.core.ConnectionFactory.openConnection(ConnectionFactory.java:51)
	at org.postgresql.jdbc.PgConnection.<init>(PgConnection.java:223)
	at org.postgresql.Driver.makeConnection(Driver.java:465)
	at org.postgresql.Driver.connect(Driver.java:264)
	at com.zaxxer.hikari.util.DriverDataSource.getConnection(DriverDataSource.java:138)
	at com.zaxxer.hikari.pool.PoolBase.newConnection(PoolBase.java:358)
	at com.zaxxer.hikari.pool.PoolBase.newPoolEntry(PoolBase.java:206)
	at com.zaxxer.hikari.pool.HikariPool.createPoolEntry(HikariPool.java:477)
	at com.zaxxer.hikari.pool.HikariPool.checkFailFast(HikariPool.java:560)
	at com.zaxxer.hikari.pool.HikariPool.<init>(HikariPool.java:115)
	at com.zaxxer.hikari.HikariDataSource.getConnection(HikariDataSource.java:112)
	at org.hibernate.engine.jdbc.connections.internal.DatasourceConnectionProviderImpl.getConnection(DatasourceConnectionProviderImpl.java:122)
	at org.hibernate.engine.jdbc.env.internal.JdbcEnvironmentInitiator$ConnectionProviderJdbcConnectionAccess.obtainConnection(JdbcEnvironmentInitiator.java:180)
	at org.hibernate.engine.jdbc.env.internal.JdbcEnvironmentInitiator.initiateService(JdbcEnvironmentInitiator.java:68)
	at org.hibernate.engine.jdbc.env.internal.JdbcEnvironmentInitiator.initiateService(JdbcEnvironmentInitiator.java:35)
	at org.hibernate.boot.registry.internal.StandardServiceRegistryImpl.initiateService(StandardServiceRegistryImpl.java:101)
	at org.hibernate.service.internal.AbstractServiceRegistryImpl.createService(AbstractServiceRegistryImpl.java:263)
	at org.hibernate.service.internal.AbstractServiceRegistryImpl.initializeService(AbstractServiceRegistryImpl.java:237)
	at org.hibernate.service.internal.AbstractServiceRegistryImpl.getService(AbstractServiceRegistryImpl.java:214)
	at org.hibernate.id.factory.internal.DefaultIdentifierGeneratorFactory.injectServices(DefaultIdentifierGeneratorFactory.java:152)
	at org.hibernate.service.internal.AbstractServiceRegistryImpl.injectDependencies(AbstractServiceRegistryImpl.java:286)
	at org.hibernate.service.internal.AbstractServiceRegistryImpl.initializeService(AbstractServiceRegistryImpl.java:243)
	at org.hibernate.service.internal.AbstractServiceRegistryImpl.getService(AbstractServiceRegistryImpl.java:214)
	at org.hibernate.boot.internal.InFlightMetadataCollectorImpl.<init>(InFlightMetadataCollectorImpl.java:176)
	at org.hibernate.boot.model.process.spi.MetadataBuildingProcess.complete(MetadataBuildingProcess.java:127)
	at org.hibernate.jpa.boot.internal.EntityManagerFactoryBuilderImpl.metadata(EntityManagerFactoryBuilderImpl.java:1224)
	at org.hibernate.jpa.boot.internal.EntityManagerFactoryBuilderImpl.build(EntityManagerFactoryBuilderImpl.java:1255)
	at org.springframework.orm.jpa.vendor.SpringHibernateJpaPersistenceProvider.createContainerEntityManagerFactory(SpringHibernateJpaPersistenceProvider.java:58)
	at org.springframework.orm.jpa.LocalContainerEntityManagerFactoryBean.createNativeEntityManagerFactory(LocalContainerEntityManagerFactoryBean.java:365)
	at org.springframework.orm.jpa.AbstractEntityManagerFactoryBean.buildNativeEntityManagerFactory(AbstractEntityManagerFactoryBean.java:409)
	at org.springframework.orm.jpa.AbstractEntityManagerFactoryBean.afterPropertiesSet(AbstractEntityManagerFactoryBean.java:396)
	at org.springframework.orm.jpa.LocalContainerEntityManagerFactoryBean.afterPropertiesSet(LocalContainerEntityManagerFactoryBean.java:341)
	at org.springframework.beans.factory.support.AbstractAutowireCapableBeanFactory.invokeInitMethods(AbstractAutowireCapableBeanFactory.java:1845)
	at org.springframework.beans.factory.support.AbstractAutowireCapableBeanFactory.initializeBean(AbstractAutowireCapableBeanFactory.java:1782)
	at org.springframework.beans.factory.support.AbstractAutowireCapableBeanFactory.doCreateBean(AbstractAutowireCapableBeanFactory.java:602)
	at org.springframework.beans.factory.support.AbstractAutowireCapableBeanFactory.createBean(AbstractAutowireCapableBeanFactory.java:524)
	at org.springframework.beans.factory.support.AbstractBeanFactory.lambda$doGetBean$0(AbstractBeanFactory.java:335)
	at org.springframework.beans.factory.support.DefaultSingletonBeanRegistry.getSingleton(DefaultSingletonBeanRegistry.java:234)
	at org.springframework.beans.factory.support.AbstractBeanFactory.doGetBean(AbstractBeanFactory.java:333)
	at org.springframework.beans.factory.support.AbstractBeanFactory.getBean(AbstractBeanFactory.java:208)
	at org.springframework.context.support.AbstractApplicationContext.getBean(AbstractApplicationContext.java:1154)
	at org.springframework.context.support.AbstractApplicationContext.finishBeanFactoryInitialization(AbstractApplicationContext.java:908)
	at org.springframework.context.support.AbstractApplicationContext.refresh(AbstractApplicationContext.java:583)
	at org.springframework.boot.web.servlet.context.ServletWebServerApplicationContext.refresh(ServletWebServerApplicationContext.java:144)
	at org.springframework.boot.SpringApplication.refresh(SpringApplication.java:769)
	at org.springframework.boot.SpringApplication.refresh(SpringApplication.java:761)
	at org.springframework.boot.SpringApplication.refreshContext(SpringApplication.java:426)
	at org.springframework.boot.SpringApplication.run(SpringApplication.java:326)
	at org.springframework.boot.SpringApplication.run(SpringApplication.java:1313)
	at org.springframework.boot.SpringApplication.run(SpringApplication.java:1302)
	at com.practice19.Practice15Application.main(Practice15Application.java:10)
	at java.base/jdk.internal.reflect.NativeMethodAccessorImpl.invoke0(Native Method)
	at java.base/jdk.internal.reflect.NativeMethodAccessorImpl.invoke(NativeMethodAccessorImpl.java:64)
	at java.base/jdk.internal.reflect.DelegatingMethodAccessorImpl.invoke(DelegatingMethodAccessorImpl.java:43)
	at java.base/java.lang.reflect.Method.invoke(Method.java:564)
	at org.springframework.boot.devtools.restart.RestartLauncher.run(RestartLauncher.java:49)
Caused by: java.net.ConnectException: Connection refused
	at java.base/sun.nio.ch.Net.pollConnect(Native Method)
	at java.base/sun.nio.ch.Net.pollConnectNow(Net.java:660)
	at java.base/sun.nio.ch.NioSocketImpl.timedFinishConnect(NioSocketImpl.java:542)
	at java.base/sun.nio.ch.NioSocketImpl.connect(NioSocketImpl.java:597)
	at java.base/java.net.SocksSocketImpl.connect(SocksSocketImpl.java:333)
	at java.base/java.net.Socket.connect(Socket.java:648)
	at org.postgresql.core.PGStream.createSocket(PGStream.java:231)
	at org.postgresql.core.PGStream.<init>(PGStream.java:95)
	at org.postgresql.core.v3.ConnectionFactoryImpl.tryConnect(ConnectionFactoryImpl.java:98)
	at org.postgresql.core.v3.ConnectionFactoryImpl.openConnectionImpl(ConnectionFactoryImpl.java:213)
	... 56 common frames omitted
2221 [restartedMain] WARN  o.h.e.j.e.i.JdbcEnvironmentInitiator –HHH000342: Could not obtain connection to query metadata
org.postgresql.util.PSQLException: Подсоединение по адресу localhost:5432 отклонено. Проверьте что хост и порт указаны правильно и что postmaster принимает TCP/IP-подсоединения.
	at org.postgresql.core.v3.ConnectionFactoryImpl.openConnectionImpl(ConnectionFactoryImpl.java:303)
	at org.postgresql.core.ConnectionFactory.openConnection(ConnectionFactory.java:51)
	at org.postgresql.jdbc.PgConnection.<init>(PgConnection.java:223)
	at org.postgresql.Driver.makeConnection(Driver.java:465)
	at org.postgresql.Driver.connect(Driver.java:264)
	at com.zaxxer.hikari.util.DriverDataSource.getConnection(DriverDataSource.java:138)
	at com.zaxxer.hikari.pool.PoolBase.newConnection(PoolBase.java:358)
	at com.zaxxer.hikari.pool.PoolBase.newPoolEntry(PoolBase.java:206)
	at com.zaxxer.hikari.pool.HikariPool.createPoolEntry(HikariPool.java:477)
	at com.zaxxer.hikari.pool.HikariPool.checkFailFast(HikariPool.java:560)
	at com.zaxxer.hikari.pool.HikariPool.<init>(HikariPool.java:115)
	at com.zaxxer.hikari.HikariDataSource.getConnection(HikariDataSource.java:112)
	at org.hibernate.engine.jdbc.connections.internal.DatasourceConnectionProviderImpl.getConnection(DatasourceConnectionProviderImpl.java:122)
	at org.hibernate.engine.jdbc.env.internal.JdbcEnvironmentInitiator$ConnectionProviderJdbcConnectionAccess.obtainConnection(JdbcEnvironmentInitiator.java:180)
	at org.hibernate.engine.jdbc.env.internal.JdbcEnvironmentInitiator.initiateService(JdbcEnvironmentInitiator.java:68)
	at org.hibernate.engine.jdbc.env.internal.JdbcEnvironmentInitiator.initiateService(JdbcEnvironmentInitiator.java:35)
	at org.hibernate.boot.registry.internal.StandardServiceRegistryImpl.initiateService(StandardServiceRegistryImpl.java:101)
	at org.hibernate.service.internal.AbstractServiceRegistryImpl.createService(AbstractServiceRegistryImpl.java:263)
	at org.hibernate.service.internal.AbstractServiceRegistryImpl.initializeService(AbstractServiceRegistryImpl.java:237)
	at org.hibernate.service.internal.AbstractServiceRegistryImpl.getService(AbstractServiceRegistryImpl.java:214)
	at org.hibernate.id.factory.internal.DefaultIdentifierGeneratorFactory.injectServices(DefaultIdentifierGeneratorFactory.java:152)
	at org.hibernate.service.internal.AbstractServiceRegistryImpl.injectDependencies(AbstractServiceRegistryImpl.java:286)
	at org.hibernate.service.internal.AbstractServiceRegistryImpl.initializeService(AbstractServiceRegistryImpl.java:243)
	at org.hibernate.service.internal.AbstractServiceRegistryImpl.getService(AbstractServiceRegistryImpl.java:214)
	at org.hibernate.boot.internal.InFlightMetadataCollectorImpl.<init>(InFlightMetadataCollectorImpl.java:176)
	at org.hibernate.boot.model.process.spi.MetadataBuildingProcess.complete(MetadataBuildingProcess.java:127)
	at org.hibernate.jpa.boot.internal.EntityManagerFactoryBuilderImpl.metadata(EntityManagerFactoryBuilderImpl.java:1224)
	at org.hibernate.jpa.boot.internal.EntityManagerFactoryBuilderImpl.build(EntityManagerFactoryBuilderImpl.java:1255)
	at org.springframework.orm.jpa.vendor.SpringHibernateJpaPersistenceProvider.createContainerEntityManagerFactory(SpringHibernateJpaPersistenceProvider.java:58)
	at org.springframework.orm.jpa.LocalContainerEntityManagerFactoryBean.createNativeEntityManagerFactory(LocalContainerEntityManagerFactoryBean.java:365)
	at org.springframework.orm.jpa.AbstractEntityManagerFactoryBean.buildNativeEntityManagerFactory(AbstractEntityManagerFactoryBean.java:409)
	at org.springframework.orm.jpa.AbstractEntityManagerFactoryBean.afterPropertiesSet(AbstractEntityManagerFactoryBean.java:396)
	at org.springframework.orm.jpa.LocalContainerEntityManagerFactoryBean.afterPropertiesSet(LocalContainerEntityManagerFactoryBean.java:341)
	at org.springframework.beans.factory.support.AbstractAutowireCapableBeanFactory.invokeInitMethods(AbstractAutowireCapableBeanFactory.java:1845)
	at org.springframework.beans.factory.support.AbstractAutowireCapableBeanFactory.initializeBean(AbstractAutowireCapableBeanFactory.java:1782)
	at org.springframework.beans.factory.support.AbstractAutowireCapableBeanFactory.doCreateBean(AbstractAutowireCapableBeanFactory.java:602)
	at org.springframework.beans.factory.support.AbstractAutowireCapableBeanFactory.createBean(AbstractAutowireCapableBeanFactory.java:524)
	at org.springframework.beans.factory.support.AbstractBeanFactory.lambda$doGetBean$0(AbstractBeanFactory.java:335)
	at org.springframework.beans.factory.support.DefaultSingletonBeanRegistry.getSingleton(DefaultSingletonBeanRegistry.java:234)
	at org.springframework.beans.factory.support.AbstractBeanFactory.doGetBean(AbstractBeanFactory.java:333)
	at org.springframework.beans.factory.support.AbstractBeanFactory.getBean(AbstractBeanFactory.java:208)
	at org.springframework.context.support.AbstractApplicationContext.getBean(AbstractApplicationContext.java:1154)
	at org.springframework.context.support.AbstractApplicationContext.finishBeanFactoryInitialization(AbstractApplicationContext.java:908)
	at org.springframework.context.support.AbstractApplicationContext.refresh(AbstractApplicationContext.java:583)
	at org.springframework.boot.web.servlet.context.ServletWebServerApplicationContext.refresh(ServletWebServerApplicationContext.java:144)
	at org.springframework.boot.SpringApplication.refresh(SpringApplication.java:769)
	at org.springframework.boot.SpringApplication.refresh(SpringApplication.java:761)
	at org.springframework.boot.SpringApplication.refreshContext(SpringApplication.java:426)
	at org.springframework.boot.SpringApplication.run(SpringApplication.java:326)
	at org.springframework.boot.SpringApplication.run(SpringApplication.java:1313)
	at org.springframework.boot.SpringApplication.run(SpringApplication.java:1302)
	at com.practice19.Practice15Application.main(Practice15Application.java:10)
	at java.base/jdk.internal.reflect.NativeMethodAccessorImpl.invoke0(Native Method)
	at java.base/jdk.internal.reflect.NativeMethodAccessorImpl.invoke(NativeMethodAccessorImpl.java:64)
	at java.base/jdk.internal.reflect.DelegatingMethodAccessorImpl.invoke(DelegatingMethodAccessorImpl.java:43)
	at java.base/java.lang.reflect.Method.invoke(Method.java:564)
	at org.springframework.boot.devtools.restart.RestartLauncher.run(RestartLauncher.java:49)
Caused by: java.net.ConnectException: Connection refused
	at java.base/sun.nio.ch.Net.pollConnect(Native Method)
	at java.base/sun.nio.ch.Net.pollConnectNow(Net.java:660)
	at java.base/sun.nio.ch.NioSocketImpl.timedFinishConnect(NioSocketImpl.java:542)
	at java.base/sun.nio.ch.NioSocketImpl.connect(NioSocketImpl.java:597)
	at java.base/java.net.SocksSocketImpl.connect(SocksSocketImpl.java:333)
	at java.base/java.net.Socket.connect(Socket.java:648)
	at org.postgresql.core.PGStream.createSocket(PGStream.java:231)
	at org.postgresql.core.PGStream.<init>(PGStream.java:95)
	at org.postgresql.core.v3.ConnectionFactoryImpl.tryConnect(ConnectionFactoryImpl.java:98)
	at org.postgresql.core.v3.ConnectionFactoryImpl.openConnectionImpl(ConnectionFactoryImpl.java:213)
	... 56 common frames omitted
2222 [restartedMain] ERROR o.s.o.j.LocalContainerEntityManagerFactoryBean –Failed to initialize JPA EntityManagerFactory: Unable to create requested service [org.hibernate.engine.jdbc.env.spi.JdbcEnvironment]
2223 [restartedMain] WARN  o.s.b.w.s.c.AnnotationConfigServletWebServerApplicationContext –Exception encountered during context initialization - cancelling refresh attempt: org.springframework.beans.factory.BeanCreationException: Error creating bean with name 'entityManagerFactory' defined in class path resource [org/springframework/boot/autoconfigure/orm/jpa/HibernateJpaConfiguration.class]: Invocation of init method failed; nested exception is org.hibernate.service.spi.ServiceException: Unable to create requested service [org.hibernate.engine.jdbc.env.spi.JdbcEnvironment]
2225 [restartedMain] INFO  o.a.catalina.core.StandardService –Stopping service [Tomcat]
2232 [restartedMain] INFO  o.s.b.a.l.ConditionEvaluationReportLoggingListener –

Error starting ApplicationContext. To display the conditions report re-run your application with 'debug' enabled.
2241 [restartedMain] ERROR o.s.boot.SpringApplication –Application run failed
org.springframework.beans.factory.BeanCreationException: Error creating bean with name 'entityManagerFactory' defined in class path resource [org/springframework/boot/autoconfigure/orm/jpa/HibernateJpaConfiguration.class]: Invocation of init method failed; nested exception is org.hibernate.service.spi.ServiceException: Unable to create requested service [org.hibernate.engine.jdbc.env.spi.JdbcEnvironment]
	at org.springframework.beans.factory.support.AbstractAutowireCapableBeanFactory.initializeBean(AbstractAutowireCapableBeanFactory.java:1786)
	at org.springframework.beans.factory.support.AbstractAutowireCapableBeanFactory.doCreateBean(AbstractAutowireCapableBeanFactory.java:602)
	at org.springframework.beans.factory.support.AbstractAutowireCapableBeanFactory.createBean(AbstractAutowireCapableBeanFactory.java:524)
	at org.springframework.beans.factory.support.AbstractBeanFactory.lambda$doGetBean$0(AbstractBeanFactory.java:335)
	at org.springframework.beans.factory.support.DefaultSingletonBeanRegistry.getSingleton(DefaultSingletonBeanRegistry.java:234)
	at org.springframework.beans.factory.support.AbstractBeanFactory.doGetBean(AbstractBeanFactory.java:333)
	at org.springframework.beans.factory.support.AbstractBeanFactory.getBean(AbstractBeanFactory.java:208)
	at org.springframework.context.support.AbstractApplicationContext.getBean(AbstractApplicationContext.java:1154)
	at org.springframework.context.support.AbstractApplicationContext.finishBeanFactoryInitialization(AbstractApplicationContext.java:908)
	at org.springframework.context.support.AbstractApplicationContext.refresh(AbstractApplicationContext.java:583)
	at org.springframework.boot.web.servlet.context.ServletWebServerApplicationContext.refresh(ServletWebServerApplicationContext.java:144)
	at org.springframework.boot.SpringApplication.refresh(SpringApplication.java:769)
	at org.springframework.boot.SpringApplication.refresh(SpringApplication.java:761)
	at org.springframework.boot.SpringApplication.refreshContext(SpringApplication.java:426)
	at org.springframework.boot.SpringApplication.run(SpringApplication.java:326)
	at org.springframework.boot.SpringApplication.run(SpringApplication.java:1313)
	at org.springframework.boot.SpringApplication.run(SpringApplication.java:1302)
	at com.practice19.Practice15Application.main(Practice15Application.java:10)
	at java.base/jdk.internal.reflect.NativeMethodAccessorImpl.invoke0(Native Method)
	at java.base/jdk.internal.reflect.NativeMethodAccessorImpl.invoke(NativeMethodAccessorImpl.java:64)
	at java.base/jdk.internal.reflect.DelegatingMethodAccessorImpl.invoke(DelegatingMethodAccessorImpl.java:43)
	at java.base/java.lang.reflect.Method.invoke(Method.java:564)
	at org.springframework.boot.devtools.restart.RestartLauncher.run(RestartLauncher.java:49)
Caused by: org.hibernate.service.spi.ServiceException: Unable to create requested service [org.hibernate.engine.jdbc.env.spi.JdbcEnvironment]
	at org.hibernate.service.internal.AbstractServiceRegistryImpl.createService(AbstractServiceRegistryImpl.java:275)
	at org.hibernate.service.internal.AbstractServiceRegistryImpl.initializeService(AbstractServiceRegistryImpl.java:237)
	at org.hibernate.service.internal.AbstractServiceRegistryImpl.getService(AbstractServiceRegistryImpl.java:214)
	at org.hibernate.id.factory.internal.DefaultIdentifierGeneratorFactory.injectServices(DefaultIdentifierGeneratorFactory.java:152)
	at org.hibernate.service.internal.AbstractServiceRegistryImpl.injectDependencies(AbstractServiceRegistryImpl.java:286)
	at org.hibernate.service.internal.AbstractServiceRegistryImpl.initializeService(AbstractServiceRegistryImpl.java:243)
	at org.hibernate.service.internal.AbstractServiceRegistryImpl.getService(AbstractServiceRegistryImpl.java:214)
	at org.hibernate.boot.internal.InFlightMetadataCollectorImpl.<init>(InFlightMetadataCollectorImpl.java:176)
	at org.hibernate.boot.model.process.spi.MetadataBuildingProcess.complete(MetadataBuildingProcess.java:127)
	at org.hibernate.jpa.boot.internal.EntityManagerFactoryBuilderImpl.metadata(EntityManagerFactoryBuilderImpl.java:1224)
	at org.hibernate.jpa.boot.internal.EntityManagerFactoryBuilderImpl.build(EntityManagerFactoryBuilderImpl.java:1255)
	at org.springframework.orm.jpa.vendor.SpringHibernateJpaPersistenceProvider.createContainerEntityManagerFactory(SpringHibernateJpaPersistenceProvider.java:58)
	at org.springframework.orm.jpa.LocalContainerEntityManagerFactoryBean.createNativeEntityManagerFactory(LocalContainerEntityManagerFactoryBean.java:365)
	at org.springframework.orm.jpa.AbstractEntityManagerFactoryBean.buildNativeEntityManagerFactory(AbstractEntityManagerFactoryBean.java:409)
	at org.springframework.orm.jpa.AbstractEntityManagerFactoryBean.afterPropertiesSet(AbstractEntityManagerFactoryBean.java:396)
	at org.springframework.orm.jpa.LocalContainerEntityManagerFactoryBean.afterPropertiesSet(LocalContainerEntityManagerFactoryBean.java:341)
	at org.springframework.beans.factory.support.AbstractAutowireCapableBeanFactory.invokeInitMethods(AbstractAutowireCapableBeanFactory.java:1845)
	at org.springframework.beans.factory.support.AbstractAutowireCapableBeanFactory.initializeBean(AbstractAutowireCapableBeanFactory.java:1782)
	... 22 common frames omitted
Caused by: org.hibernate.HibernateException: Access to DialectResolutionInfo cannot be null when 'hibernate.dialect' not set
	at org.hibernate.engine.jdbc.dialect.internal.DialectFactoryImpl.determineDialect(DialectFactoryImpl.java:100)
	at org.hibernate.engine.jdbc.dialect.internal.DialectFactoryImpl.buildDialect(DialectFactoryImpl.java:54)
	at org.hibernate.engine.jdbc.env.internal.JdbcEnvironmentInitiator.initiateService(JdbcEnvironmentInitiator.java:137)
	at org.hibernate.engine.jdbc.env.internal.JdbcEnvironmentInitiator.initiateService(JdbcEnvironmentInitiator.java:35)
	at org.hibernate.boot.registry.internal.StandardServiceRegistryImpl.initiateService(StandardServiceRegistryImpl.java:101)
	at org.hibernate.service.internal.AbstractServiceRegistryImpl.createService(AbstractServiceRegistryImpl.java:263)
	... 39 common frames omitted
274  [restartedMain] INFO  c.practice19.Practice15Application –Starting Practice15Application using Java 15.0.3 on MacBook-Air-Danila.local with PID 63052 (/Users/danila/GoogleDrive/Institute/4-rd_semestr/JavaTemplates/practice24/target/classes started by danila in /Users/danila/GoogleDrive/Institute/4-rd_semestr/JavaTemplates/practice24)
275  [restartedMain] INFO  c.practice19.Practice15Application –No active profile set, falling back to default profiles: default
290  [restartedMain] INFO  o.s.b.d.e.DevToolsPropertyDefaultsPostProcessor –Devtools property defaults active! Set 'spring.devtools.add-properties' to 'false' to disable
290  [restartedMain] INFO  o.s.b.d.e.DevToolsPropertyDefaultsPostProcessor –For additional web related logging consider setting the 'logging.level.web' property to 'DEBUG'
549  [restartedMain] INFO  o.s.d.r.c.RepositoryConfigurationDelegate –Bootstrapping Spring Data JPA repositories in DEFAULT mode.
575  [restartedMain] INFO  o.s.d.r.c.RepositoryConfigurationDelegate –Finished Spring Data repository scanning in 23 ms. Found 3 JPA repository interfaces.
710  [restartedMain] INFO  o.s.c.s.PostProcessorRegistrationDelegate$BeanPostProcessorChecker –Bean 'org.springframework.security.access.expression.method.DefaultMethodSecurityExpressionHandler@3bfd5ec6' of type [org.springframework.security.access.expression.method.DefaultMethodSecurityExpressionHandler] is not eligible for getting processed by all BeanPostProcessors (for example: not eligible for auto-proxying)
712  [restartedMain] INFO  o.s.c.s.PostProcessorRegistrationDelegate$BeanPostProcessorChecker –Bean 'methodSecurityMetadataSource' of type [org.springframework.security.access.method.DelegatingMethodSecurityMetadataSource] is not eligible for getting processed by all BeanPostProcessors (for example: not eligible for auto-proxying)
824  [restartedMain] INFO  o.s.b.w.e.tomcat.TomcatWebServer –Tomcat initialized with port(s): 8080 (http)
831  [restartedMain] INFO  o.a.coyote.http11.Http11NioProtocol –Initializing ProtocolHandler ["http-nio-8080"]
832  [restartedMain] INFO  o.a.catalina.core.StandardService –Starting service [Tomcat]
832  [restartedMain] INFO  o.a.catalina.core.StandardEngine –Starting Servlet engine: [Apache Tomcat/9.0.44]
859  [restartedMain] INFO  o.a.c.c.C.[Tomcat].[localhost].[/] –Initializing Spring embedded WebApplicationContext
859  [restartedMain] INFO  o.s.b.w.s.c.ServletWebServerApplicationContext –Root WebApplicationContext: initialization completed in 568 ms
946  [restartedMain] INFO  o.h.jpa.internal.util.LogHelper –HHH000204: Processing PersistenceUnitInfo [name: default]
960  [restartedMain] INFO  org.hibernate.Version –HHH000412: Hibernate ORM core version 5.4.29.Final
986  [restartedMain] INFO  o.h.annotations.common.Version –HCANN000001: Hibernate Commons Annotations {5.1.2.Final}
1008 [restartedMain] INFO  com.zaxxer.hikari.HikariDataSource –HikariPool-1 - Starting...
1064 [restartedMain] INFO  com.zaxxer.hikari.HikariDataSource –HikariPool-1 - Start completed.
1073 [restartedMain] INFO  org.hibernate.dialect.Dialect –HHH000400: Using dialect: org.hibernate.dialect.PostgreSQL10Dialect
1376 [restartedMain] INFO  o.h.e.t.j.p.i.JtaPlatformInitiator –HHH000490: Using JtaPlatform implementation: [org.hibernate.engine.transaction.jta.platform.internal.NoJtaPlatform]
1379 [restartedMain] INFO  o.s.o.j.LocalContainerEntityManagerFactoryBean –Initialized JPA EntityManagerFactory for persistence unit 'default'
1406 [restartedMain] INFO  o.s.b.d.a.OptionalLiveReloadServer –LiveReload server is running on port 35729
1572 [restartedMain] WARN  o.s.b.a.o.j.JpaBaseConfiguration$JpaWebConfiguration –spring.jpa.open-in-view is enabled by default. Therefore, database queries may be performed during view rendering. Explicitly configure spring.jpa.open-in-view to disable this warning
1725 [restartedMain] INFO  o.s.s.w.DefaultSecurityFilterChain –Will secure any request with [org.springframework.security.web.context.request.async.WebAsyncManagerIntegrationFilter@3b1c6b71, org.springframework.security.web.context.SecurityContextPersistenceFilter@7a0e5a43, org.springframework.security.web.header.HeaderWriterFilter@5455947b, org.springframework.security.web.authentication.logout.LogoutFilter@1e3dd011, org.springframework.security.web.authentication.UsernamePasswordAuthenticationFilter@4f9d1104, org.springframework.security.web.savedrequest.RequestCacheAwareFilter@5ce46d20, org.springframework.security.web.servletapi.SecurityContextHolderAwareRequestFilter@24eae1f0, org.springframework.security.web.authentication.AnonymousAuthenticationFilter@1da3aa6f, org.springframework.security.web.session.SessionManagementFilter@39ef6d44, org.springframework.security.web.access.ExceptionTranslationFilter@4890743f, org.springframework.security.web.access.intercept.FilterSecurityInterceptor@363d5bf7]
1794 [restartedMain] INFO  o.s.s.c.ThreadPoolTaskExecutor –Initializing ExecutorService 'applicationTaskExecutor'
1840 [restartedMain] INFO  o.s.b.a.w.s.WelcomePageHandlerMapping –Adding welcome page template: index
1944 [restartedMain] INFO  o.s.s.c.ThreadPoolTaskScheduler –Initializing ExecutorService 'taskScheduler'
1979 [restartedMain] INFO  o.a.coyote.http11.Http11NioProtocol –Starting ProtocolHandler ["http-nio-8080"]
1986 [restartedMain] INFO  o.s.b.w.e.tomcat.TomcatWebServer –Tomcat started on port(s): 8080 (http) with context path ''
1995 [restartedMain] INFO  c.practice19.Practice15Application –Started Practice15Application in 1.845 seconds (JVM running for 2.219)
8276 [http-nio-8080-exec-1] INFO  o.a.c.c.C.[Tomcat].[localhost].[/] –Initializing Spring DispatcherServlet 'dispatcherServlet'
8276 [http-nio-8080-exec-1] INFO  o.s.web.servlet.DispatcherServlet –Initializing Servlet 'dispatcherServlet'
8277 [http-nio-8080-exec-1] INFO  o.s.web.servlet.DispatcherServlet –Completed initialization in 1 ms
25832 [scheduling-1] INFO  c.p.models.services.SheduleService –SCHEDULED task started at 12-05-2021 16:25:00
25840 [scheduling-1] INFO  c.p.models.services.SheduleService –File items.txt was deleted: true
25841 [scheduling-1] INFO  c.p.models.services.SheduleService –File orders.txt was deleted: true
25927 [scheduling-1] INFO  com.practice19.aspect.LoggingAspect –Method: getAll. Time: 66 milliseconds. Return: [Item(id=1, name=Apple, creation_date=2019-05-04, price=200.0, order_id=1), Item(id=2, name=Phone, creation_date=2019-01-03, price=49990.0, order_id=1), Item(id=3, name=phone3, creation_date=2020-04-09, price=5134.0, order_id=2)]
25942 [scheduling-1] INFO  com.practice19.aspect.LoggingAspect –Method: getAll. Time: 5 milliseconds. Return: [Order(id=1, order_date=2020-05-10, items=[Item(id=1, name=Apple, creation_date=2019-05-04, price=200.0, order_id=1), Item(id=2, name=Phone, creation_date=2019-01-03, price=49990.0, order_id=1)]), Order(id=2, order_date=2020-03-02, items=[Item(id=3, name=phone3, creation_date=2020-04-09, price=5134.0, order_id=2)])]
25944 [scheduling-1] INFO  c.p.models.services.SheduleService –SCHEDULED task finished.
74184 [http-nio-8080-exec-6] WARN  o.s.w.s.m.a.ResponseStatusExceptionResolver –Resolved [com.practice19.exceptions.UserAlreadyExistsException: Username 'yiui@mail.com' already exists]
85831 [scheduling-1] INFO  c.p.models.services.SheduleService –SCHEDULED task started at 12-05-2021 16:26:00
85833 [scheduling-1] INFO  c.p.models.services.SheduleService –File items.txt was deleted: true
85833 [scheduling-1] INFO  c.p.models.services.SheduleService –File orders.txt was deleted: true
85842 [scheduling-1] INFO  com.practice19.aspect.LoggingAspect –Method: getAll. Time: 5 milliseconds. Return: [Item(id=1, name=Apple, creation_date=2019-05-04, price=200.0, order_id=1), Item(id=2, name=Phone, creation_date=2019-01-03, price=49990.0, order_id=1), Item(id=3, name=phone3, creation_date=2020-04-09, price=5134.0, order_id=2)]
85854 [scheduling-1] INFO  com.practice19.aspect.LoggingAspect –Method: getAll. Time: 3 milliseconds. Return: [Order(id=1, order_date=2020-05-10, items=[Item(id=1, name=Apple, creation_date=2019-05-04, price=200.0, order_id=1), Item(id=2, name=Phone, creation_date=2019-01-03, price=49990.0, order_id=1)]), Order(id=2, order_date=2020-03-02, items=[Item(id=3, name=phone3, creation_date=2020-04-09, price=5134.0, order_id=2)])]
85858 [scheduling-1] INFO  c.p.models.services.SheduleService –SCHEDULED task finished.
89632 [http-nio-8080-exec-8] WARN  o.s.w.s.m.a.ResponseStatusExceptionResolver –Resolved [com.practice19.exceptions.UserAlreadyExistsException: Username 'yiui2@mail.com' already exists]
145827 [scheduling-1] INFO  c.p.models.services.SheduleService –SCHEDULED task started at 12-05-2021 16:26:59
145829 [scheduling-1] INFO  c.p.models.services.SheduleService –File items.txt was deleted: true
145830 [scheduling-1] INFO  c.p.models.services.SheduleService –File orders.txt was deleted: true
145837 [scheduling-1] INFO  com.practice19.aspect.LoggingAspect –Method: getAll. Time: 5 milliseconds. Return: [Item(id=1, name=Apple, creation_date=2019-05-04, price=200.0, order_id=1), Item(id=2, name=Phone, creation_date=2019-01-03, price=49990.0, order_id=1), Item(id=3, name=phone3, creation_date=2020-04-09, price=5134.0, order_id=2)]
145847 [scheduling-1] INFO  com.practice19.aspect.LoggingAspect –Method: getAll. Time: 3 milliseconds. Return: [Order(id=1, order_date=2020-05-10, items=[Item(id=1, name=Apple, creation_date=2019-05-04, price=200.0, order_id=1), Item(id=2, name=Phone, creation_date=2019-01-03, price=49990.0, order_id=1)]), Order(id=2, order_date=2020-03-02, items=[Item(id=3, name=phone3, creation_date=2020-04-09, price=5134.0, order_id=2)])]
145848 [scheduling-1] INFO  c.p.models.services.SheduleService –SCHEDULED task finished.
567603 [HikariPool-1 housekeeper] WARN  com.zaxxer.hikari.pool.HikariPool –HikariPool-1 - Thread starvation or clock leap detected (housekeeper delta=6m56s419ms).
2002033 [scheduling-1] INFO  c.p.models.services.SheduleService –SCHEDULED task started at 12-05-2021 16:57:56
2002034 [scheduling-1] INFO  c.p.models.services.SheduleService –File items.txt was deleted: true
2002034 [scheduling-1] INFO  c.p.models.services.SheduleService –File orders.txt was deleted: true
2002040 [scheduling-1] INFO  com.practice19.aspect.LoggingAspect –Method: getAll. Time: 4 milliseconds. Return: [Item(id=1, name=Apple, creation_date=2019-05-04, price=200.0, order_id=1), Item(id=2, name=Phone, creation_date=2019-01-03, price=49990.0, order_id=1), Item(id=3, name=phone3, creation_date=2020-04-09, price=5134.0, order_id=2)]
2002047 [scheduling-1] INFO  com.practice19.aspect.LoggingAspect –Method: getAll. Time: 2 milliseconds. Return: [Order(id=1, order_date=2020-05-10, items=[Item(id=1, name=Apple, creation_date=2019-05-04, price=200.0, order_id=1), Item(id=2, name=Phone, creation_date=2019-01-03, price=49990.0, order_id=1)]), Order(id=2, order_date=2020-03-02, items=[Item(id=3, name=phone3, creation_date=2020-04-09, price=5134.0, order_id=2)])]
2002049 [scheduling-1] INFO  c.p.models.services.SheduleService –SCHEDULED task finished.
2005838 [scheduling-1] INFO  c.p.models.services.SheduleService –SCHEDULED task started at 12-05-2021 16:58:00
2005839 [scheduling-1] INFO  c.p.models.services.SheduleService –File items.txt was deleted: true
2005839 [scheduling-1] INFO  c.p.models.services.SheduleService –File orders.txt was deleted: true
2005844 [scheduling-1] INFO  com.practice19.aspect.LoggingAspect –Method: getAll. Time: 3 milliseconds. Return: [Item(id=1, name=Apple, creation_date=2019-05-04, price=200.0, order_id=1), Item(id=2, name=Phone, creation_date=2019-01-03, price=49990.0, order_id=1), Item(id=3, name=phone3, creation_date=2020-04-09, price=5134.0, order_id=2)]
2005854 [scheduling-1] INFO  com.practice19.aspect.LoggingAspect –Method: getAll. Time: 3 milliseconds. Return: [Order(id=1, order_date=2020-05-10, items=[Item(id=1, name=Apple, creation_date=2019-05-04, price=200.0, order_id=1), Item(id=2, name=Phone, creation_date=2019-01-03, price=49990.0, order_id=1)]), Order(id=2, order_date=2020-03-02, items=[Item(id=3, name=phone3, creation_date=2020-04-09, price=5134.0, order_id=2)])]
2005856 [scheduling-1] INFO  c.p.models.services.SheduleService –SCHEDULED task finished.
2007398 [HikariPool-1 housekeeper] WARN  com.zaxxer.hikari.pool.HikariPool –HikariPool-1 - Thread starvation or clock leap detected (housekeeper delta=23m59s796ms).
2066403 [scheduling-1] INFO  c.p.models.services.SheduleService –SCHEDULED task started at 12-05-2021 16:59:00
2066405 [scheduling-1] INFO  c.p.models.services.SheduleService –File items.txt was deleted: true
2066406 [scheduling-1] INFO  c.p.models.services.SheduleService –File orders.txt was deleted: true
2066411 [scheduling-1] INFO  com.practice19.aspect.LoggingAspect –Method: getAll. Time: 3 milliseconds. Return: [Item(id=1, name=Apple, creation_date=2019-05-04, price=200.0, order_id=1), Item(id=2, name=Phone, creation_date=2019-01-03, price=49990.0, order_id=1), Item(id=3, name=phone3, creation_date=2020-04-09, price=5134.0, order_id=2)]
2066418 [scheduling-1] INFO  com.practice19.aspect.LoggingAspect –Method: getAll. Time: 1 milliseconds. Return: [Order(id=1, order_date=2020-05-10, items=[Item(id=1, name=Apple, creation_date=2019-05-04, price=200.0, order_id=1), Item(id=2, name=Phone, creation_date=2019-01-03, price=49990.0, order_id=1)]), Order(id=2, order_date=2020-03-02, items=[Item(id=3, name=phone3, creation_date=2020-04-09, price=5134.0, order_id=2)])]
2066420 [scheduling-1] INFO  c.p.models.services.SheduleService –SCHEDULED task finished.
2126627 [scheduling-1] INFO  c.p.models.services.SheduleService –SCHEDULED task started at 12-05-2021 17:00:00
2126628 [scheduling-1] INFO  c.p.models.services.SheduleService –File items.txt was deleted: true
2126628 [scheduling-1] INFO  c.p.models.services.SheduleService –File orders.txt was deleted: true
2126633 [scheduling-1] INFO  com.practice19.aspect.LoggingAspect –Method: getAll. Time: 3 milliseconds. Return: [Item(id=1, name=Apple, creation_date=2019-05-04, price=200.0, order_id=1), Item(id=2, name=Phone, creation_date=2019-01-03, price=49990.0, order_id=1), Item(id=3, name=phone3, creation_date=2020-04-09, price=5134.0, order_id=2)]
2126640 [scheduling-1] INFO  com.practice19.aspect.LoggingAspect –Method: getAll. Time: 2 milliseconds. Return: [Order(id=1, order_date=2020-05-10, items=[Item(id=1, name=Apple, creation_date=2019-05-04, price=200.0, order_id=1), Item(id=2, name=Phone, creation_date=2019-01-03, price=49990.0, order_id=1)]), Order(id=2, order_date=2020-03-02, items=[Item(id=3, name=phone3, creation_date=2020-04-09, price=5134.0, order_id=2)])]
2126640 [scheduling-1] INFO  c.p.models.services.SheduleService –SCHEDULED task finished.
2392122 [HikariPool-1 housekeeper] WARN  com.zaxxer.hikari.pool.HikariPool –HikariPool-1 - Thread starvation or clock leap detected (housekeeper delta=4m53s567ms).
2979522 [HikariPool-1 housekeeper] WARN  com.zaxxer.hikari.pool.HikariPool –HikariPool-1 - Thread starvation or clock leap detected (housekeeper delta=9m47s400ms).
3006562 [scheduling-1] INFO  c.p.models.services.SheduleService –SCHEDULED task started at 12-05-2021 17:14:40
3006562 [scheduling-1] INFO  c.p.models.services.SheduleService –File items.txt was deleted: true
3006562 [scheduling-1] INFO  c.p.models.services.SheduleService –File orders.txt was deleted: true
3006565 [scheduling-1] INFO  com.practice19.aspect.LoggingAspect –Method: getAll. Time: 2 milliseconds. Return: [Item(id=1, name=Apple, creation_date=2019-05-04, price=200.0, order_id=1), Item(id=2, name=Phone, creation_date=2019-01-03, price=49990.0, order_id=1), Item(id=3, name=phone3, creation_date=2020-04-09, price=5134.0, order_id=2)]
3006568 [scheduling-1] INFO  com.practice19.aspect.LoggingAspect –Method: getAll. Time: 1 milliseconds. Return: [Order(id=1, order_date=2020-05-10, items=[Item(id=1, name=Apple, creation_date=2019-05-04, price=200.0, order_id=1), Item(id=2, name=Phone, creation_date=2019-01-03, price=49990.0, order_id=1)]), Order(id=2, order_date=2020-03-02, items=[Item(id=3, name=phone3, creation_date=2020-04-09, price=5134.0, order_id=2)])]
3006569 [scheduling-1] INFO  c.p.models.services.SheduleService –SCHEDULED task finished.
3009899 [SpringContextShutdownHook] INFO  o.s.s.c.ThreadPoolTaskScheduler –Shutting down ExecutorService 'taskScheduler'
3009899 [SpringContextShutdownHook] INFO  o.s.s.c.ThreadPoolTaskExecutor –Shutting down ExecutorService 'applicationTaskExecutor'
3009900 [SpringContextShutdownHook] INFO  o.s.o.j.LocalContainerEntityManagerFactoryBean –Closing JPA EntityManagerFactory for persistence unit 'default'
3009902 [SpringContextShutdownHook] INFO  com.zaxxer.hikari.HikariDataSource –HikariPool-1 - Shutdown initiated...
3009903 [SpringContextShutdownHook] INFO  com.zaxxer.hikari.HikariDataSource –HikariPool-1 - Shutdown completed.
