1175 [restartedMain] INFO  c.practice19.Practice15Application –Starting Practice15Application using Java 15.0.2 on LAPTOP-6V93DAJC with PID 18876 (C:\Users\Danila\GoogleDrive\Institute\4-rd_semestr\JavaTemplates\practice20\target\classes started by Danila in C:\Users\Danila\GoogleDrive\Institute\4-rd_semestr\JavaTemplates\practice20)
1183 [restartedMain] INFO  c.practice19.Practice15Application –No active profile set, falling back to default profiles: default
1243 [restartedMain] INFO  o.s.b.d.e.DevToolsPropertyDefaultsPostProcessor –Devtools property defaults active! Set 'spring.devtools.add-properties' to 'false' to disable
1244 [restartedMain] INFO  o.s.b.d.e.DevToolsPropertyDefaultsPostProcessor –For additional web related logging consider setting the 'logging.level.web' property to 'DEBUG'
2024 [restartedMain] INFO  o.s.d.r.c.RepositoryConfigurationDelegate –Bootstrapping Spring Data JPA repositories in DEFAULT mode.
2112 [restartedMain] INFO  o.s.d.r.c.RepositoryConfigurationDelegate –Finished Spring Data repository scanning in 79 ms. Found 2 JPA repository interfaces.
2666 [restartedMain] INFO  o.s.b.w.e.tomcat.TomcatWebServer –Tomcat initialized with port(s): 8080 (http)
2675 [restartedMain] INFO  o.a.coyote.http11.Http11NioProtocol –Initializing ProtocolHandler ["http-nio-8080"]
2676 [restartedMain] INFO  o.a.catalina.core.StandardService –Starting service [Tomcat]
2676 [restartedMain] INFO  o.a.catalina.core.StandardEngine –Starting Servlet engine: [Apache Tomcat/9.0.44]
2749 [restartedMain] INFO  o.a.c.c.C.[Tomcat].[localhost].[/] –Initializing Spring embedded WebApplicationContext
2749 [restartedMain] INFO  o.s.b.w.s.c.ServletWebServerApplicationContext –Root WebApplicationContext: initialization completed in 1504 ms
2923 [restartedMain] INFO  o.h.jpa.internal.util.LogHelper –HHH000204: Processing PersistenceUnitInfo [name: default]
2977 [restartedMain] INFO  org.hibernate.Version –HHH000412: Hibernate ORM core version 5.4.29.Final
3103 [restartedMain] INFO  o.h.annotations.common.Version –HCANN000001: Hibernate Commons Annotations {5.1.2.Final}
3204 [restartedMain] INFO  com.zaxxer.hikari.HikariDataSource –HikariPool-1 - Starting...
3660 [restartedMain] INFO  com.zaxxer.hikari.HikariDataSource –HikariPool-1 - Start completed.
3681 [restartedMain] INFO  org.hibernate.dialect.Dialect –HHH000400: Using dialect: org.hibernate.dialect.PostgreSQL10Dialect
4485 [restartedMain] INFO  o.h.e.t.j.p.i.JtaPlatformInitiator –HHH000490: Using JtaPlatform implementation: [org.hibernate.engine.transaction.jta.platform.internal.NoJtaPlatform]
4497 [restartedMain] INFO  o.s.o.j.LocalContainerEntityManagerFactoryBean –Initialized JPA EntityManagerFactory for persistence unit 'default'
4535 [restartedMain] INFO  o.s.b.d.a.OptionalLiveReloadServer –LiveReload server is running on port 35729
4822 [restartedMain] WARN  o.s.b.a.o.j.JpaBaseConfiguration$JpaWebConfiguration –spring.jpa.open-in-view is enabled by default. Therefore, database queries may be performed during view rendering. Explicitly configure spring.jpa.open-in-view to disable this warning
4918 [restartedMain] INFO  o.s.s.c.ThreadPoolTaskExecutor –Initializing ExecutorService 'applicationTaskExecutor'
4984 [restartedMain] INFO  o.s.b.a.w.s.WelcomePageHandlerMapping –Adding welcome page template: index
5125 [restartedMain] INFO  o.a.coyote.http11.Http11NioProtocol –Starting ProtocolHandler ["http-nio-8080"]
5155 [restartedMain] INFO  o.s.b.w.e.tomcat.TomcatWebServer –Tomcat started on port(s): 8080 (http) with context path ''
5166 [restartedMain] INFO  c.practice19.Practice15Application –Started Practice15Application in 4.49 seconds (JVM running for 6.259)
26271 [http-nio-8080-exec-1] INFO  o.a.c.c.C.[Tomcat].[localhost].[/] –Initializing Spring DispatcherServlet 'dispatcherServlet'
26271 [http-nio-8080-exec-1] INFO  o.s.web.servlet.DispatcherServlet –Initializing Servlet 'dispatcherServlet'
26273 [http-nio-8080-exec-1] INFO  o.s.web.servlet.DispatcherServlet –Completed initialization in 1 ms
26676 [http-nio-8080-exec-2] WARN  o.s.web.servlet.PageNotFound –No mapping for GET /favicon.ico
